#
# There is insufficient memory for the Java Runtime Environment to continue.
# Native memory allocation (malloc) failed to allocate 1160176 bytes for Chunk::new
# Possible reasons:
#   The system is out of physical RAM or swap space
#   The process is running with CompressedOops enabled, and the Java Heap may be blocking the growth of the native heap
# Possible solutions:
#   Reduce memory load on the system
#   Increase physical memory or swap space
#   Check if swap backing store is full
#   Decrease Java heap size (-Xmx/-Xms)
#   Decrease number of Java threads
#   Decrease Java thread stack sizes (-Xss)
#   Set larger code cache with -XX:ReservedCodeCacheSize=
#   JVM is running with Unscaled Compressed Oops mode in which the Java heap is
#     placed in the first 4GB address space. The Java Heap base address is the
#     maximum limit for the native heap growth. Please use -XX:HeapBaseMinAddress
#     to set the Java Heap base and to place the Java Heap above 4GB virtual address.
# This output file may be truncated or incomplete.
#
#  Out of Memory Error (allocation.cpp:389), pid=21524, tid=0x0000000000004cac
#
# JRE version: OpenJDK Runtime Environment (8.0_212-b04) (build 1.8.0_212-release-1586-b04)
# Java VM: OpenJDK 64-Bit Server VM (25.212-b04 mixed mode windows-amd64 compressed oops)
# Failed to write core dump. Minidumps are not enabled by default on client versions of Windows
#

---------------  T H R E A D  ---------------

Current thread (0x000000001869d800):  JavaThread "C2 CompilerThread0" daemon [_thread_in_native, id=19628, stack(0x0000000018f70000,0x0000000019070000)]

Stack: [0x0000000018f70000,0x0000000019070000]
[error occurred during error reporting (printing stack bounds), id 0xc0000005]

Native frames: (J=compiled Java code, j=interpreted, Vv=VM code, C=native code)


Current CompileTask:
C2:  50780 12324 %     4       com.android.tools.r8.dex.j::a @ 330 (1022 bytes)


---------------  P R O C E S S  ---------------

Java Threads: ( => current thread )
  0x000000001b80e800 JavaThread "ForkJoinPool-3-worker-0" daemon [_thread_blocked, id=23808, stack(0x000000002c010000,0x000000002c110000)]
  0x000000001b810000 JavaThread "ForkJoinPool-3-worker-7" daemon [_thread_in_Java, id=6604, stack(0x000000002bf10000,0x000000002c010000)]
  0x000000001b811000 JavaThread "ForkJoinPool-3-worker-6" daemon [_thread_blocked, id=25252, stack(0x000000002be10000,0x000000002bf10000)]
  0x000000001f087000 JavaThread "ForkJoinPool-3-worker-5" daemon [_thread_blocked, id=22308, stack(0x000000002bd10000,0x000000002be10000)]
  0x000000001a319000 JavaThread "ForkJoinPool-3-worker-4" daemon [_thread_blocked, id=19248, stack(0x000000002bc10000,0x000000002bd10000)]
  0x000000001a318800 JavaThread "ForkJoinPool-3-worker-3" daemon [_thread_blocked, id=1668, stack(0x000000002bb10000,0x000000002bc10000)]
  0x000000001a311000 JavaThread "ForkJoinPool-3-worker-2" daemon [_thread_blocked, id=5880, stack(0x000000002ba10000,0x000000002bb10000)]
  0x000000001a317000 JavaThread "ForkJoinPool-3-worker-1" daemon [_thread_blocked, id=18136, stack(0x000000002b910000,0x000000002ba10000)]
  0x000000001a316000 JavaThread "WorkerExecutor Queue Thread 9" [_thread_blocked, id=3164, stack(0x000000002b810000,0x000000002b910000)]
  0x000000001a315800 JavaThread "WorkerExecutor Queue Thread 8" [_thread_blocked, id=11516, stack(0x000000002b710000,0x000000002b810000)]
  0x000000001a314800 JavaThread "WorkerExecutor Queue Thread 7" [_thread_blocked, id=4032, stack(0x000000002b610000,0x000000002b710000)]
  0x000000001a317800 JavaThread "WorkerExecutor Queue Thread 6" [_thread_blocked, id=21680, stack(0x000000002b510000,0x000000002b610000)]
  0x000000001a30d000 JavaThread "WorkerExecutor Queue Thread 5" [_thread_blocked, id=24836, stack(0x000000002b410000,0x000000002b510000)]
  0x000000001a314000 JavaThread "WorkerExecutor Queue Thread 4" [_thread_blocked, id=20724, stack(0x000000002b310000,0x000000002b410000)]
  0x000000001a312800 JavaThread "WorkerExecutor Queue Thread 3" [_thread_blocked, id=25264, stack(0x000000002b210000,0x000000002b310000)]
  0x000000001a310000 JavaThread "WorkerExecutor Queue Thread 2" [_thread_blocked, id=4464, stack(0x000000002b110000,0x000000002b210000)]
  0x000000001a30c800 JavaThread "Cache worker for Java compile cache (C:\Users\lacdlave\Documents\AndoidProject\oona-test-app1\.gradle\5.6.4\javaCompile)" [_thread_blocked, id=9508, stack(0x000000002b010000,0x000000002b110000)]
  0x000000001a313000 JavaThread "Cache worker for Java compile cache (C:\Users\lacdlave\.gradle\caches\5.6.4\javaCompile)" [_thread_blocked, id=14712, stack(0x000000002af10000,0x000000002b010000)]
  0x000000001a30f800 JavaThread "WorkerExecutor Queue" [_thread_blocked, id=6988, stack(0x000000002ae10000,0x000000002af10000)]
  0x00000000186a5000 JavaThread "Cache worker for execution history cache (C:\Users\lacdlave\Documents\AndoidProject\oona-test-app1\.gradle\5.6.4\executionHistory)" [_thread_blocked, id=20800, stack(0x000000002ac10000,0x000000002ad10000)]
  0x000000001f5c1800 JavaThread "Execution worker for ':' Thread 7" [_thread_blocked, id=24940, stack(0x000000002ab10000,0x000000002ac10000)]
  0x000000001f5c0000 JavaThread "Execution worker for ':' Thread 6" [_thread_blocked, id=18208, stack(0x000000002aa10000,0x000000002ab10000)]
  0x000000001f5c4000 JavaThread "Execution worker for ':' Thread 5" [_thread_blocked, id=17596, stack(0x000000002a910000,0x000000002aa10000)]
  0x000000001f5c4800 JavaThread "Execution worker for ':' Thread 4" [_thread_blocked, id=11600, stack(0x000000002a810000,0x000000002a910000)]
  0x000000001f5c3000 JavaThread "Execution worker for ':' Thread 3" [_thread_blocked, id=12068, stack(0x000000002a710000,0x000000002a810000)]
  0x000000001f5c2800 JavaThread "Execution worker for ':' Thread 2" [_thread_blocked, id=25560, stack(0x000000002a610000,0x000000002a710000)]
  0x0000000020d2f800 JavaThread "Execution worker for ':'" [_thread_blocked, id=12184, stack(0x000000002a510000,0x000000002a610000)]
  0x0000000020d2c800 JavaThread "Cache worker for file content cache (C:\Users\lacdlave\Documents\AndoidProject\oona-test-app1\.gradle\5.6.4\fileContent)" [_thread_blocked, id=19640, stack(0x000000002a410000,0x000000002a510000)]
  0x0000000020d30000 JavaThread "Cache worker for Build Output Cleanup Cache (C:\Users\lacdlave\Documents\AndoidProject\oona-test-app1\.gradle\buildOutputCleanup)" [_thread_blocked, id=17356, stack(0x000000002a310000,0x000000002a410000)]
  0x0000000020d24000 JavaThread "pool-3-thread-1" [_thread_blocked, id=2256, stack(0x000000002a210000,0x000000002a310000)]
  0x0000000020d2b000 JavaThread "Build operations Thread 8" [_thread_blocked, id=21016, stack(0x000000002a110000,0x000000002a210000)]
  0x0000000020d23800 JavaThread "Build operations Thread 7" [_thread_blocked, id=21212, stack(0x000000002a010000,0x000000002a110000)]
  0x0000000020d2a000 JavaThread "Build operations Thread 6" [_thread_blocked, id=24276, stack(0x0000000029f10000,0x000000002a010000)]
  0x0000000020d29800 JavaThread "Build operations Thread 5" [_thread_blocked, id=13652, stack(0x0000000029e10000,0x0000000029f10000)]
  0x0000000020d28800 JavaThread "Build operations Thread 4" [_thread_blocked, id=14056, stack(0x0000000029d10000,0x0000000029e10000)]
  0x0000000020d25000 JavaThread "Build operations Thread 3" [_thread_blocked, id=12760, stack(0x0000000029c10000,0x0000000029d10000)]
  0x0000000020d22800 JavaThread "Build operations Thread 2" [_thread_blocked, id=20300, stack(0x0000000029b10000,0x0000000029c10000)]
  0x0000000020d28000 JavaThread "Build operations" [_thread_blocked, id=25280, stack(0x0000000029a10000,0x0000000029b10000)]
  0x000000001f08c800 JavaThread "Cache worker for cache directory md-rule (C:\Users\lacdlave\.gradle\caches\5.6.4\md-rule)" [_thread_blocked, id=18092, stack(0x0000000029910000,0x0000000029a10000)]
  0x000000001f08a000 JavaThread "Cache worker for cache directory md-supplier (C:\Users\lacdlave\.gradle\caches\5.6.4\md-supplier)" [_thread_blocked, id=15960, stack(0x0000000029810000,0x0000000029910000)]
  0x000000001f082800 JavaThread "Cache worker for file hash cache (C:\Users\lacdlave\Documents\AndoidProject\oona-test-app1\.gradle\5.6.4\fileHashes)" [_thread_blocked, id=17948, stack(0x0000000029710000,0x0000000029810000)]
  0x000000001f086000 JavaThread "Thread-44" [_thread_blocked, id=7472, stack(0x0000000029610000,0x0000000029710000)]
  0x000000001f084000 JavaThread "Stdin handler" [_thread_blocked, id=10624, stack(0x0000000029510000,0x0000000029610000)]
  0x000000001f085800 JavaThread "Asynchronous log dispatcher for DefaultDaemonConnection: socket connection from /127.0.0.1:63564 to /127.0.0.1:63637" [_thread_blocked, id=3608, stack(0x0000000029410000,0x0000000029510000)]
  0x000000001f081800 JavaThread "Cancel handler" [_thread_blocked, id=9104, stack(0x0000000029310000,0x0000000029410000)]
  0x000000001f088800 JavaThread "Handler for socket connection from /127.0.0.1:63564 to /127.0.0.1:63637" [_thread_in_native, id=19668, stack(0x0000000029210000,0x0000000029310000)]
  0x000000001f08f800 JavaThread "RMI TCP Connection(2)-127.0.0.1" daemon [_thread_in_native, id=11344, stack(0x0000000028e10000,0x0000000028f10000)]
  0x000000001f08e800 JavaThread "RMI Reaper" [_thread_blocked, id=24772, stack(0x0000000028d10000,0x0000000028e10000)]
  0x000000001f08e000 JavaThread "RMI TCP Accept-0" daemon [_thread_in_native, id=22744, stack(0x0000000028c10000,0x0000000028d10000)]
  0x000000001f08d000 JavaThread "GC Daemon" daemon [_thread_blocked, id=25452, stack(0x0000000028b10000,0x0000000028c10000)]
  0x000000001f08b800 JavaThread "RMI Scheduler(0)" daemon [_thread_blocked, id=7676, stack(0x0000000028910000,0x0000000028a10000)]
  0x000000001f5c5800 JavaThread "Cache worker for file content cache (C:\Users\lacdlave\.gradle\caches\5.6.4\fileContent)" [_thread_blocked, id=16124, stack(0x0000000024dd0000,0x0000000024ed0000)]
  0x000000001f5c1000 JavaThread "Memory manager" [_thread_blocked, id=15648, stack(0x0000000024cd0000,0x0000000024dd0000)]
  0x0000000020d25800 JavaThread "Cache worker for execution history cache (C:\Users\lacdlave\.gradle\caches\5.6.4\executionHistory)" [_thread_blocked, id=12356, stack(0x00000000226f0000,0x00000000227f0000)]
  0x00000000186a3800 JavaThread "Cache worker for journal cache (C:\Users\lacdlave\.gradle\caches\journal-1)" [_thread_blocked, id=19464, stack(0x000000001d390000,0x000000001d490000)]
  0x00000000186a2000 JavaThread "File lock request listener" [_thread_in_native, id=22208, stack(0x000000001d290000,0x000000001d390000)]
  0x000000001b029000 JavaThread "Cache worker for file hash cache (C:\Users\lacdlave\.gradle\caches\5.6.4\fileHashes)" [_thread_blocked, id=20976, stack(0x000000001d190000,0x000000001d290000)]
  0x000000001afbe000 JavaThread "Daemon worker" [_thread_blocked, id=12844, stack(0x000000001cc90000,0x000000001cd90000)]
  0x000000001af71000 JavaThread "Daemon" [_thread_blocked, id=24400, stack(0x000000001c790000,0x000000001c890000)]
  0x000000001aefb800 JavaThread "Daemon periodic checks" [_thread_blocked, id=4784, stack(0x000000001c690000,0x000000001c790000)]
  0x000000001aee0800 JavaThread "Incoming local TCP Connector on port 63564" [_thread_in_native, id=17132, stack(0x000000001c450000,0x000000001c550000)]
  0x000000001ae10000 JavaThread "Daemon health stats" [_thread_blocked, id=1412, stack(0x000000001bd10000,0x000000001be10000)]
  0x0000000018746800 JavaThread "Service Thread" daemon [_thread_blocked, id=3864, stack(0x0000000019370000,0x0000000019470000)]
  0x00000000186a0800 JavaThread "C1 CompilerThread3" daemon [_thread_blocked, id=21156, stack(0x0000000019270000,0x0000000019370000)]
  0x00000000186a7800 JavaThread "C2 CompilerThread2" daemon [_thread_in_native, id=17204, stack(0x0000000019170000,0x0000000019270000)]
  0x00000000186a6800 JavaThread "C2 CompilerThread1" daemon [_thread_in_native, id=11648, stack(0x0000000019070000,0x0000000019170000)]
=>0x000000001869d800 JavaThread "C2 CompilerThread0" daemon [_thread_in_native, id=19628, stack(0x0000000018f70000,0x0000000019070000)]
  0x0000000018696000 JavaThread "Attach Listener" daemon [_thread_blocked, id=11276, stack(0x0000000018e70000,0x0000000018f70000)]
  0x000000001687e800 JavaThread "Signal Dispatcher" daemon [_thread_blocked, id=8544, stack(0x0000000018d70000,0x0000000018e70000)]
  0x0000000018691800 JavaThread "Finalizer" daemon [_thread_blocked, id=23656, stack(0x0000000018b70000,0x0000000018c70000)]
  0x0000000018690800 JavaThread "Reference Handler" daemon [_thread_blocked, id=18520, stack(0x0000000018a70000,0x0000000018b70000)]
  0x00000000029b2800 JavaThread "main" [_thread_blocked, id=25568, stack(0x00000000027c0000,0x00000000028c0000)]

Other Threads:
  0x0000000016866800 VMThread [stack: 0x0000000018570000,0x0000000018670000] [id=19124]
  0x0000000018747000 WatcherThread [stack: 0x0000000019470000,0x0000000019570000] [id=9220]

VM state:not at safepoint (normal execution)

VM Mutex/Monitor currently owned by a thread: None

heap address: 0x00000000a0000000, size: 1536 MB, Compressed Oops mode: 32-bit
Narrow klass base: 0x0000000000000000, Narrow klass shift: 3
Compressed class space size: 1073741824 Address: 0x0000000100000000

Heap:
 PSYoungGen      total 246272K, used 35150K [0x00000000e0000000, 0x00000000f3580000, 0x0000000100000000)
  eden space 220672K, 4% used [0x00000000e0000000,0x00000000e095a410,0x00000000ed780000)
  from space 25600K, 99% used [0x00000000eff00000,0x00000000f17f9768,0x00000000f1800000)
  to   space 40448K, 0% used [0x00000000ed780000,0x00000000ed780000,0x00000000eff00000)
 ParOldGen       total 214528K, used 78073K [0x00000000a0000000, 0x00000000ad180000, 0x00000000e0000000)
  object space 214528K, 36% used [0x00000000a0000000,0x00000000a4c3e710,0x00000000ad180000)
 Metaspace       used 87935K, capacity 92158K, committed 92288K, reserved 1128448K
  class space    used 11811K, capacity 12624K, committed 12672K, reserved 1048576K

Card table byte_map: [0x0000000011e70000,0x0000000012180000] byte_map_base: 0x0000000011970000

Marking Bits: (ParMarkBitMap*) 0x0000000061a99f30
 Begin Bits: [0x0000000012b80000, 0x0000000014380000)
 End Bits:   [0x0000000014380000, 0x0000000015b80000)

Polling page: 0x0000000002740000

CodeCache: size=245760Kb used=34010Kb max_used=34177Kb free=211749Kb
 bounds [0x0000000002ab0000, 0x0000000004c40000, 0x0000000011ab0000]
 total_blobs=11719 nmethods=10825 adapters=804
 compilation: enabled

Compilation events (10 events):
Event: 50.767 Thread 0x00000000186a0800 12489       3       com.android.tools.r8.code.n1::b (25 bytes)
Event: 50.767 Thread 0x00000000186a0800 nmethod 12489 0x000000000336f850 code [0x000000000336f9e0, 0x000000000336fe58]
Event: 50.771 Thread 0x00000000186a0800 12490       3       com.android.tools.r8.graph.V$$Lambda$799/69382235::apply (15 bytes)
Event: 50.772 Thread 0x00000000186a0800 nmethod 12490 0x0000000002ddf610 code [0x0000000002ddf780, 0x0000000002ddfae8]
Event: 50.772 Thread 0x00000000186a0800 12491       3       com.android.tools.r8.graph.DexDebugEvent$Default::<init> (40 bytes)
Event: 50.772 Thread 0x00000000186a0800 nmethod 12491 0x0000000003342250 code [0x00000000033423c0, 0x0000000003342650]
Event: 50.773 Thread 0x00000000186a0800 12492       3       com.android.tools.r8.code.M0::hashCode (21 bytes)
Event: 50.773 Thread 0x00000000186a0800 nmethod 12492 0x00000000034adcd0 code [0x00000000034ade40, 0x00000000034ae108]
Event: 50.774 Thread 0x00000000186a0800 12493       3       com.android.tools.r8.code.L0::<init> (20 bytes)
Event: 50.774 Thread 0x00000000186a0800 nmethod 12493 0x0000000003752d90 code [0x0000000003752f60, 0x0000000003753698]

GC Heap History (10 events):
Event: 8.580 GC heap before
{Heap before GC invocations=11 (full 2):
 PSYoungGen      total 179200K, used 162724K [0x00000000e0000000, 0x00000000ed780000, 0x0000000100000000)
  eden space 166400K, 90% used [0x00000000e0000000,0x00000000e9269f20,0x00000000ea280000)
  from space 12800K, 99% used [0x00000000ecb00000,0x00000000ed77f260,0x00000000ed780000)
  to   space 14336K, 0% used [0x00000000ebb80000,0x00000000ebb80000,0x00000000ec980000)
 ParOldGen       total 138240K, used 18757K [0x00000000a0000000, 0x00000000a8700000, 0x00000000e0000000)
  object space 138240K, 13% used [0x00000000a0000000,0x00000000a12515f0,0x00000000a8700000)
 Metaspace       used 57227K, capacity 59024K, committed 59096K, reserved 1099776K
  class space    used 7844K, capacity 8271K, committed 8320K, reserved 1048576K
Event: 8.604 GC heap after
Heap after GC invocations=11 (full 2):
 PSYoungGen      total 206336K, used 14321K [0x00000000e0000000, 0x00000000ef500000, 0x0000000100000000)
  eden space 192000K, 0% used [0x00000000e0000000,0x00000000e0000000,0x00000000ebb80000)
  from space 14336K, 99% used [0x00000000ebb80000,0x00000000ec97c7c0,0x00000000ec980000)
  to   space 19456K, 0% used [0x00000000ee200000,0x00000000ee200000,0x00000000ef500000)
 ParOldGen       total 138240K, used 27572K [0x00000000a0000000, 0x00000000a8700000, 0x00000000e0000000)
  object space 138240K, 19% used [0x00000000a0000000,0x00000000a1aed318,0x00000000a8700000)
 Metaspace       used 57227K, capacity 59024K, committed 59096K, reserved 1099776K
  class space    used 7844K, capacity 8271K, committed 8320K, reserved 1048576K
}
Event: 8.604 GC heap before
{Heap before GC invocations=12 (full 3):
 PSYoungGen      total 206336K, used 14321K [0x00000000e0000000, 0x00000000ef500000, 0x0000000100000000)
  eden space 192000K, 0% used [0x00000000e0000000,0x00000000e0000000,0x00000000ebb80000)
  from space 14336K, 99% used [0x00000000ebb80000,0x00000000ec97c7c0,0x00000000ec980000)
  to   space 19456K, 0% used [0x00000000ee200000,0x00000000ee200000,0x00000000ef500000)
 ParOldGen       total 138240K, used 27572K [0x00000000a0000000, 0x00000000a8700000, 0x00000000e0000000)
  object space 138240K, 19% used [0x00000000a0000000,0x00000000a1aed318,0x00000000a8700000)
 Metaspace       used 57227K, capacity 59024K, committed 59096K, reserved 1099776K
  class space    used 7844K, capacity 8271K, committed 8320K, reserved 1048576K
Event: 8.882 GC heap after
Heap after GC invocations=12 (full 3):
 PSYoungGen      total 206336K, used 0K [0x00000000e0000000, 0x00000000ef500000, 0x0000000100000000)
  eden space 192000K, 0% used [0x00000000e0000000,0x00000000e0000000,0x00000000ebb80000)
  from space 14336K, 0% used [0x00000000ebb80000,0x00000000ebb80000,0x00000000ec980000)
  to   space 19456K, 0% used [0x00000000ee200000,0x00000000ee200000,0x00000000ef500000)
 ParOldGen       total 214528K, used 37139K [0x00000000a0000000, 0x00000000ad180000, 0x00000000e0000000)
  object space 214528K, 17% used [0x00000000a0000000,0x00000000a2444d98,0x00000000ad180000)
 Metaspace       used 57227K, capacity 59024K, committed 59096K, reserved 1099776K
  class space    used 7844K, capacity 8271K, committed 8320K, reserved 1048576K
}
Event: 11.551 GC heap before
{Heap before GC invocations=13 (full 3):
 PSYoungGen      total 206336K, used 192000K [0x00000000e0000000, 0x00000000ef500000, 0x0000000100000000)
  eden space 192000K, 100% used [0x00000000e0000000,0x00000000ebb80000,0x00000000ebb80000)
  from space 14336K, 0% used [0x00000000ebb80000,0x00000000ebb80000,0x00000000ec980000)
  to   space 19456K, 0% used [0x00000000ee200000,0x00000000ee200000,0x00000000ef500000)
 ParOldGen       total 214528K, used 37139K [0x00000000a0000000, 0x00000000ad180000, 0x00000000e0000000)
  object space 214528K, 17% used [0x00000000a0000000,0x00000000a2444d98,0x00000000ad180000)
 Metaspace       used 63415K, capacity 65704K, committed 65792K, reserved 1105920K
  class space    used 8674K, capacity 9169K, committed 9216K, reserved 1048576K
Event: 11.562 GC heap after
Heap after GC invocations=13 (full 3):
 PSYoungGen      total 231424K, used 13588K [0x00000000e0000000, 0x00000000efb80000, 0x0000000100000000)
  eden space 211968K, 0% used [0x00000000e0000000,0x00000000e0000000,0x00000000ecf00000)
  from space 19456K, 69% used [0x00000000ee200000,0x00000000eef45188,0x00000000ef500000)
  to   space 19456K, 0% used [0x00000000ecf00000,0x00000000ecf00000,0x00000000ee200000)
 ParOldGen       total 214528K, used 37147K [0x00000000a0000000, 0x00000000ad180000, 0x00000000e0000000)
  object space 214528K, 17% used [0x00000000a0000000,0x00000000a2446d98,0x00000000ad180000)
 Metaspace       used 63415K, capacity 65704K, committed 65792K, reserved 1105920K
  class space    used 8674K, capacity 9169K, committed 9216K, reserved 1048576K
}
Event: 47.098 GC heap before
{Heap before GC invocations=14 (full 3):
 PSYoungGen      total 231424K, used 225556K [0x00000000e0000000, 0x00000000efb80000, 0x0000000100000000)
  eden space 211968K, 100% used [0x00000000e0000000,0x00000000ecf00000,0x00000000ecf00000)
  from space 19456K, 69% used [0x00000000ee200000,0x00000000eef45188,0x00000000ef500000)
  to   space 19456K, 0% used [0x00000000ecf00000,0x00000000ecf00000,0x00000000ee200000)
 ParOldGen       total 214528K, used 37147K [0x00000000a0000000, 0x00000000ad180000, 0x00000000e0000000)
  object space 214528K, 17% used [0x00000000a0000000,0x00000000a2446d98,0x00000000ad180000)
 Metaspace       used 73857K, capacity 76480K, committed 76672K, reserved 1116160K
  class space    used 9764K, capacity 10340K, committed 10368K, reserved 1048576K
Event: 47.115 GC heap after
Heap after GC invocations=14 (full 3):
 PSYoungGen      total 231424K, used 19430K [0x00000000e0000000, 0x00000000f1800000, 0x0000000100000000)
  eden space 211968K, 0% used [0x00000000e0000000,0x00000000e0000000,0x00000000ecf00000)
  from space 19456K, 99% used [0x00000000ecf00000,0x00000000ee1f99f8,0x00000000ee200000)
  to   space 25600K, 0% used [0x00000000eff00000,0x00000000eff00000,0x00000000f1800000)
 ParOldGen       total 214528K, used 47802K [0x00000000a0000000, 0x00000000ad180000, 0x00000000e0000000)
  object space 214528K, 22% used [0x00000000a0000000,0x00000000a2eaeb90,0x00000000ad180000)
 Metaspace       used 73857K, capacity 76480K, committed 76672K, reserved 1116160K
  class space    used 9764K, capacity 10340K, committed 10368K, reserved 1048576K
}
Event: 50.697 GC heap before
{Heap before GC invocations=15 (full 3):
 PSYoungGen      total 231424K, used 231398K [0x00000000e0000000, 0x00000000f1800000, 0x0000000100000000)
  eden space 211968K, 100% used [0x00000000e0000000,0x00000000ecf00000,0x00000000ecf00000)
  from space 19456K, 99% used [0x00000000ecf00000,0x00000000ee1f99f8,0x00000000ee200000)
  to   space 25600K, 0% used [0x00000000eff00000,0x00000000eff00000,0x00000000f1800000)
 ParOldGen       total 214528K, used 47802K [0x00000000a0000000, 0x00000000ad180000, 0x00000000e0000000)
  object space 214528K, 22% used [0x00000000a0000000,0x00000000a2eaeb90,0x00000000ad180000)
 Metaspace       used 87915K, capacity 92150K, committed 92288K, reserved 1128448K
  class space    used 11811K, capacity 12624K, committed 12672K, reserved 1048576K
Event: 50.735 GC heap after
Heap after GC invocations=15 (full 3):
 PSYoungGen      total 246272K, used 25573K [0x00000000e0000000, 0x00000000f3580000, 0x0000000100000000)
  eden space 220672K, 0% used [0x00000000e0000000,0x00000000e0000000,0x00000000ed780000)
  from space 25600K, 99% used [0x00000000eff00000,0x00000000f17f9768,0x00000000f1800000)
  to   space 40448K, 0% used [0x00000000ed780000,0x00000000ed780000,0x00000000eff00000)
 ParOldGen       total 214528K, used 78073K [0x00000000a0000000, 0x00000000ad180000, 0x00000000e0000000)
  object space 214528K, 36% used [0x00000000a0000000,0x00000000a4c3e710,0x00000000ad180000)
 Metaspace       used 87915K, capacity 92150K, committed 92288K, reserved 1128448K
  class space    used 11811K, capacity 12624K, committed 12672K, reserved 1048576K
}

Deoptimization events (10 events):
Event: 50.572 Thread 0x000000001a314800 Uncommon trap: reason=unstable_if action=reinterpret pc=0x0000000004b226a8 method=com.android.tools.r8.dex.j.a()V @ 22
Event: 50.601 Thread 0x000000001a319000 Uncommon trap: reason=unstable_if action=reinterpret pc=0x000000000340c130 method=java.util.Arrays.hashCode([Ljava/lang/Object;)I @ 1
Event: 50.601 Thread 0x000000001b810000 Uncommon trap: reason=unstable_if action=reinterpret pc=0x000000000340c130 method=java.util.Arrays.hashCode([Ljava/lang/Object;)I @ 1
Event: 50.601 Thread 0x000000001a318800 Uncommon trap: reason=unstable_if action=reinterpret pc=0x000000000340c130 method=java.util.Arrays.hashCode([Ljava/lang/Object;)I @ 1
Event: 50.601 Thread 0x000000001b80e800 Uncommon trap: reason=unstable_if action=reinterpret pc=0x000000000340c130 method=java.util.Arrays.hashCode([Ljava/lang/Object;)I @ 1
Event: 50.601 Thread 0x000000001a311000 Uncommon trap: reason=unstable_if action=reinterpret pc=0x000000000340c130 method=java.util.Arrays.hashCode([Ljava/lang/Object;)I @ 1
Event: 50.601 Thread 0x000000001f087000 Uncommon trap: reason=unstable_if action=reinterpret pc=0x000000000340c130 method=java.util.Arrays.hashCode([Ljava/lang/Object;)I @ 1
Event: 50.601 Thread 0x000000001b811000 Uncommon trap: reason=unstable_if action=reinterpret pc=0x000000000347b5c8 method=com.android.tools.r8.graph.d0.b(Lcom/android/tools/r8/graph/d0;)I @ 141
Event: 50.601 Thread 0x000000001f087000 Uncommon trap: reason=unstable_if action=reinterpret pc=0x000000000347b5c8 method=com.android.tools.r8.graph.d0.b(Lcom/android/tools/r8/graph/d0;)I @ 141
Event: 50.676 Thread 0x000000001b810000 Uncommon trap: reason=unstable_if action=reinterpret pc=0x0000000004bf6f60 method=com.android.tools.r8.dex.j.j()Lcom/android/tools/r8/graph/DexValue; @ 39

Classes redefined (0 events):
No events

Internal exceptions (10 events):
Event: 50.006 Thread 0x000000001a316000 Exception <a 'sun/nio/fs/WindowsException'> (0x00000000e9f68b88) thrown at [D:\src\AOSP-openjdk-cygwin\jdk8u\hotspot\src\share\vm\prims\jni.cpp, line 710]
Event: 50.015 Thread 0x000000001f5c1800 Implicit null exception at 0x000000000454b14c to 0x000000000454cf51
Event: 50.118 Thread 0x000000001f5c1800 Exception <a 'java/lang/NoSuchMethodError': <clinit>> (0x00000000ea0d5090) thrown at [D:\src\AOSP-openjdk-cygwin\jdk8u\hotspot\src\share\vm\prims\jni.cpp, line 1614]
Event: 50.447 Thread 0x000000001a314800 Exception <a 'sun/nio/fs/WindowsException'> (0x00000000ea66ed28) thrown at [D:\src\AOSP-openjdk-cygwin\jdk8u\hotspot\src\share\vm\prims\jni.cpp, line 710]
Event: 50.601 Thread 0x000000001a319000 Implicit null exception at 0x000000000340c02f to 0x000000000340c121
Event: 50.601 Thread 0x000000001b810000 Implicit null exception at 0x000000000340c02f to 0x000000000340c121
Event: 50.601 Thread 0x000000001a318800 Implicit null exception at 0x000000000340c02f to 0x000000000340c121
Event: 50.601 Thread 0x000000001a311000 Implicit null exception at 0x000000000340c02f to 0x000000000340c121
Event: 50.601 Thread 0x000000001b80e800 Implicit null exception at 0x000000000340c02f to 0x000000000340c121
Event: 50.601 Thread 0x000000001f087000 Implicit null exception at 0x000000000340c02f to 0x000000000340c121

Events (10 events):
Event: 50.748 Thread 0x00000000186a0800 flushing nmethod 0x0000000003d801d0
Event: 50.748 Thread 0x00000000186a0800 flushing nmethod 0x0000000003d805d0
Event: 50.748 Thread 0x00000000186a0800 flushing nmethod 0x0000000003d82150
Event: 50.748 Thread 0x00000000186a0800 flushing nmethod 0x0000000003df9ad0
Event: 50.749 Thread 0x00000000186a0800 flushing nmethod 0x0000000004026790
Event: 50.749 Thread 0x00000000186a0800 flushing nmethod 0x0000000004079d10
Event: 50.749 Thread 0x00000000186a0800 flushing nmethod 0x00000000040acb90
Event: 50.762 Thread 0x00000000186a0800 flushing nmethod 0x0000000004537050
Event: 50.762 Thread 0x00000000186a0800 flushing nmethod 0x000000000453a450
Event: 50.762 Thread 0x00000000186a0800 flushing nmethod 0x000000000457f790


Dynamic libraries:
0x00007ff62cc10000 - 0x00007ff62cc41000 	C:\Program Files\Android\Android Studio\jre\bin\java.exe
0x00007fff27af0000 - 0x00007fff27cdd000 	C:\WINDOWS\SYSTEM32\ntdll.dll
0x00007fff26a90000 - 0x00007fff26b43000 	C:\WINDOWS\System32\KERNEL32.dll
0x00007fff177e0000 - 0x00007fff17907000 	C:\Windows\system32\hmpalert.dll
0x00007fff23cc0000 - 0x00007fff23f53000 	C:\WINDOWS\System32\KERNELBASE.dll
0x00007fff24da0000 - 0x00007fff24e43000 	C:\WINDOWS\System32\ADVAPI32.dll
0x00007fff26b50000 - 0x00007fff26bee000 	C:\WINDOWS\System32\msvcrt.dll
0x00007fff24e80000 - 0x00007fff24f1e000 	C:\WINDOWS\System32\sechost.dll
0x00007fff25250000 - 0x00007fff25372000 	C:\WINDOWS\System32\RPCRT4.dll
0x00007fff27420000 - 0x00007fff275b7000 	C:\WINDOWS\System32\USER32.dll
0x00007fff24350000 - 0x00007fff24370000 	C:\WINDOWS\System32\win32u.dll
0x00007fff26ca0000 - 0x00007fff26cc9000 	C:\WINDOWS\System32\GDI32.dll
0x00007fff23f60000 - 0x00007fff240f9000 	C:\WINDOWS\System32\gdi32full.dll
0x00007fff24120000 - 0x00007fff241c0000 	C:\WINDOWS\System32\msvcp_win.dll
0x00007fff23bc0000 - 0x00007fff23cba000 	C:\WINDOWS\System32\ucrtbase.dll
0x00007fff0b7f0000 - 0x00007fff0ba69000 	C:\WINDOWS\WinSxS\amd64_microsoft.windows.common-controls_6595b64144ccf1df_6.0.17763.1039_none_de701650534c7021\COMCTL32.dll
0x00007fff24370000 - 0x00007fff2469c000 	C:\WINDOWS\System32\combase.dll
0x00007fff23960000 - 0x00007fff239de000 	C:\WINDOWS\System32\bcryptPrimitives.dll
0x00007fff278a0000 - 0x00007fff278ce000 	C:\WINDOWS\System32\IMM32.DLL
0x00007fff21de0000 - 0x00007fff21e1d000 	C:\WINDOWS\system32\SophosAV\SOPHOS~1.DLL
0x00007fff24e70000 - 0x00007fff24e78000 	C:\WINDOWS\System32\PSAPI.DLL
0x000000006c090000 - 0x000000006c162000 	C:\Program Files\Android\Android Studio\jre\jre\bin\msvcr100.dll
0x00000000612d0000 - 0x0000000061b16000 	C:\Program Files\Android\Android Studio\jre\jre\bin\server\jvm.dll
0x00007fff21c70000 - 0x00007fff21c79000 	C:\WINDOWS\SYSTEM32\WSOCK32.dll
0x00007fff1b4e0000 - 0x00007fff1b4ea000 	C:\WINDOWS\SYSTEM32\VERSION.dll
0x00007fff17aa0000 - 0x00007fff17ac4000 	C:\WINDOWS\SYSTEM32\WINMM.dll
0x00007fff24c60000 - 0x00007fff24ccd000 	C:\WINDOWS\System32\WS2_32.dll
0x00007fff166e0000 - 0x00007fff1670d000 	C:\WINDOWS\SYSTEM32\WINMMBASE.dll
0x00007fff24250000 - 0x00007fff2429a000 	C:\WINDOWS\System32\cfgmgr32.dll
0x00007fff1b240000 - 0x00007fff1b24f000 	C:\Program Files\Android\Android Studio\jre\jre\bin\verify.dll
0x00007fff1ad70000 - 0x00007fff1ad99000 	C:\Program Files\Android\Android Studio\jre\jre\bin\java.dll
0x00007fff1ad50000 - 0x00007fff1ad66000 	C:\Program Files\Android\Android Studio\jre\jre\bin\zip.dll
0x00007fff25380000 - 0x00007fff26874000 	C:\WINDOWS\System32\SHELL32.dll
0x00007fff26880000 - 0x00007fff26928000 	C:\WINDOWS\System32\shcore.dll
0x00007fff23210000 - 0x00007fff2395d000 	C:\WINDOWS\System32\windows.storage.dll
0x00007fff23180000 - 0x00007fff231a4000 	C:\WINDOWS\System32\profapi.dll
0x00007fff231b0000 - 0x00007fff2320d000 	C:\WINDOWS\System32\powrprof.dll
0x00007fff278d0000 - 0x00007fff27922000 	C:\WINDOWS\System32\shlwapi.dll
0x00007fff23160000 - 0x00007fff23171000 	C:\WINDOWS\System32\kernel.appcore.dll
0x00007fff24100000 - 0x00007fff24117000 	C:\WINDOWS\System32\cryptsp.dll
0x00007fff1ace0000 - 0x00007fff1acfa000 	C:\Program Files\Android\Android Studio\jre\jre\bin\net.dll
0x00007fff27240000 - 0x00007fff27418000 	C:\WINDOWS\System32\urlmon.dll
0x00007fff24fa0000 - 0x00007fff25248000 	C:\WINDOWS\System32\iertutil.dll
0x00007fff22b80000 - 0x00007fff22b8c000 	C:\WINDOWS\SYSTEM32\CRYPTBASE.DLL
0x00007fff229b0000 - 0x00007fff22a17000 	C:\WINDOWS\system32\mswsock.dll
0x00007fff1ac60000 - 0x00007fff1ac73000 	C:\Program Files\Android\Android Studio\jre\jre\bin\nio.dll
0x00007fff12ce0000 - 0x00007fff12d06000 	C:\Users\lacdlave\.gradle\native\30\windows-amd64\native-platform.dll
0x00007fff1b0b0000 - 0x00007fff1b0bd000 	C:\Program Files\Android\Android Studio\jre\jre\bin\management.dll
0x00007fff22530000 - 0x00007fff22563000 	C:\WINDOWS\system32\rsaenh.dll
0x00007fff24220000 - 0x00007fff24246000 	C:\WINDOWS\System32\bcrypt.dll
0x00007fff23040000 - 0x00007fff23068000 	C:\WINDOWS\SYSTEM32\USERENV.dll
0x00007fff226d0000 - 0x00007fff2270d000 	C:\WINDOWS\SYSTEM32\IPHLPAPI.DLL
0x00007fff246a0000 - 0x00007fff246a8000 	C:\WINDOWS\System32\NSI.dll
0x00007fff1bdf0000 - 0x00007fff1be06000 	C:\WINDOWS\SYSTEM32\dhcpcsvc6.DLL
0x00007fff1bd50000 - 0x00007fff1bd6c000 	C:\WINDOWS\SYSTEM32\dhcpcsvc.DLL
0x00007fff22710000 - 0x00007fff227d6000 	C:\WINDOWS\SYSTEM32\DNSAPI.dll
0x00007fff14ab0000 - 0x00007fff14ace000 	C:\Users\lacdlave\AppData\Local\Temp\native-platform3363027414981522506dir\native-platform.dll

VM Arguments:
jvm_args: -Xmx1536m -Dfile.encoding=windows-1252 -Duser.country=US -Duser.language=en -Duser.variant 
java_command: org.gradle.launcher.daemon.bootstrap.GradleDaemon 5.6.4
java_class_path (initial): C:\Users\lacdlave\.gradle\wrapper\dists\gradle-5.6.4-all\ankdp27end7byghfw1q2sw75f\gradle-5.6.4\lib\gradle-launcher-5.6.4.jar
Launcher Type: SUN_STANDARD

Environment Variables:
JAVA_HOME=C:\Program Files\Java\jdk1.8.0_181
PATH=C:\Program Files (x86)\Common Files\Oracle\Java\javapath;C:\Program Files (x86)\Python38-32\Scripts\;C:\Program Files (x86)\Python38-32\;C:\Program Files (x86)\Intel\iCLS Client\;C:\Program Files\Intel\iCLS Client\;C:\ProgramData\Oracle\Java\javapath;C:\windows\system32;C:\windows;C:\windows\System32\Wbem;C:\windows\System32\WindowsPowerShell\v1.0\;C:\Program Files (x86)\Intel\Intel(R) Management Engine Components\DAL;C:\Program Files\Intel\Intel(R) Management Engine Components\DAL;C:\Program Files (x86)\Intel\Intel(R) Management Engine Components\IPT;C:\Program Files\Intel\Intel(R) Management Engine Components\IPT;C:\Program Files (x86)\Windows Kits\8.1\Windows Performance Toolkit\;C:\adb;C:\Program Files (x86)\Intel\Platform Flash Tool;C:\Program Files\Java\jdk1.8.0_181\bin;C:\WINDOWS\system32;C:\WINDOWS;C:\WINDOWS\System32\Wbem;C:\WINDOWS\System32\WindowsPowerShell\v1.0\;C:\WINDOWS\System32\OpenSSH\;C:\Program Files (x86)\Gpg4win\..\GnuPG\bin;C:\Program Files\TortoiseGit\bin;C:\Program Files\Git\cmd;C:\Users\lacdlave\AppData\Local\Microsoft\WindowsApps;
USERNAME=lacdlave
OS=Windows_NT
PROCESSOR_IDENTIFIER=Intel64 Family 6 Model 94 Stepping 3, GenuineIntel



---------------  S Y S T E M  ---------------

OS: Windows 10.0 , 64 bit Build 17763 (10.0.17763.475)

CPU:total 8 (initial active 8) (4 cores per cpu, 2 threads per core) family 6 model 94 stepping 3, cmov, cx8, fxsr, mmx, sse, sse2, sse3, ssse3, sse4.1, sse4.2, popcnt, avx, avx2, aes, clmul, erms, rtm, 3dnowpref, lzcnt, ht, tsc, tscinvbit, bmi1, bmi2, adx

Memory: 4k page, physical 16654940k(2910564k free), swap 20835736k(5308k free)

vm_info: OpenJDK 64-Bit Server VM (25.212-b04) for windows-amd64 JRE (1.8.0_212-release-1586-b04), built by "builder" with MS VC++ 10.0 (VS2010)

time: Fri Mar 06 10:04:08 2020
timezone: Romance Standard Time
elapsed time: 50 seconds (0d 0h 0m 50s)

