#
# There is insufficient memory for the Java Runtime Environment to continue.
# Native memory allocation (malloc) failed to allocate 1724592 bytes for Chunk::new
# Possible reasons:
#   The system is out of physical RAM or swap space
#   The process is running with CompressedOops enabled, and the Java Heap may be blocking the growth of the native heap
# Possible solutions:
#   Reduce memory load on the system
#   Increase physical memory or swap space
#   Check if swap backing store is full
#   Decrease Java heap size (-Xmx/-Xms)
#   Decrease number of Java threads
#   Decrease Java thread stack sizes (-Xss)
#   Set larger code cache with -XX:ReservedCodeCacheSize=
#   JVM is running with Unscaled Compressed Oops mode in which the Java heap is
#     placed in the first 4GB address space. The Java Heap base address is the
#     maximum limit for the native heap growth. Please use -XX:HeapBaseMinAddress
#     to set the Java Heap base and to place the Java Heap above 4GB virtual address.
# This output file may be truncated or incomplete.
#
#  Out of Memory Error (allocation.cpp:389), pid=14984, tid=0x00000000000051b8
#
# JRE version: OpenJDK Runtime Environment (8.0_212-b04) (build 1.8.0_212-release-1586-b04)
# Java VM: OpenJDK 64-Bit Server VM (25.212-b04 mixed mode windows-amd64 compressed oops)
# Failed to write core dump. Minidumps are not enabled by default on client versions of Windows
#

---------------  T H R E A D  ---------------

Current thread (0x00000000183d0800):  JavaThread "C2 CompilerThread0" daemon [_thread_in_native, id=20920, stack(0x0000000018ca0000,0x0000000018da0000)]

Stack: [0x0000000018ca0000,0x0000000018da0000]
[error occurred during error reporting (printing stack bounds), id 0xc0000005]

Native frames: (J=compiled Java code, j=interpreted, Vv=VM code, C=native code)


Current CompileTask:
C2:   9626 5047   !   4       java.net.URLClassLoader::definePackageInternal (81 bytes)


---------------  P R O C E S S  ---------------

Java Threads: ( => current thread )
  0x000000001e674800 JavaThread "Cache worker for file content cache (C:\Users\lacdlave\Documents\AndoidProject\oona-test-app1\.gradle\5.6.4\fileContent)" [_thread_blocked, id=23992, stack(0x0000000024220000,0x0000000024320000)]
  0x000000001e673800 JavaThread "Cache worker for file content cache (C:\Users\lacdlave\.gradle\caches\5.6.4\fileContent)" [_thread_blocked, id=21284, stack(0x0000000024120000,0x0000000024220000)]
  0x000000001e672800 JavaThread "Memory manager" [_thread_blocked, id=368, stack(0x0000000024020000,0x0000000024120000)]
  0x000000001e670800 JavaThread "Cache worker for Build Output Cleanup Cache (C:\Users\lacdlave\Documents\AndoidProject\oona-test-app1\.gradle\buildOutputCleanup)" [_thread_blocked, id=19556, stack(0x0000000023720000,0x0000000023820000)]
  0x000000001e669000 JavaThread "pool-1-thread-1" [_thread_blocked, id=24164, stack(0x0000000023420000,0x0000000023520000)]
  0x000000001e66f800 JavaThread "Build operations Thread 8" [_thread_blocked, id=22308, stack(0x0000000022f20000,0x0000000023020000)]
  0x000000001e66c800 JavaThread "Build operations Thread 7" [_thread_blocked, id=19248, stack(0x0000000022e20000,0x0000000022f20000)]
  0x000000001e66c000 JavaThread "Build operations Thread 6" [_thread_blocked, id=1668, stack(0x0000000022d20000,0x0000000022e20000)]
  0x000000001e66a800 JavaThread "Build operations Thread 5" [_thread_blocked, id=5880, stack(0x0000000022c20000,0x0000000022d20000)]
  0x000000001e66d800 JavaThread "Build operations Thread 4" [_thread_blocked, id=18136, stack(0x0000000022b20000,0x0000000022c20000)]
  0x000000001e66b000 JavaThread "Build operations Thread 3" [_thread_blocked, id=21736, stack(0x0000000022a20000,0x0000000022b20000)]
  0x000000001e668000 JavaThread "Build operations Thread 2" [_thread_blocked, id=7072, stack(0x0000000022920000,0x0000000022a20000)]
  0x000000001e66f000 JavaThread "Build operations" [_thread_blocked, id=18772, stack(0x0000000022610000,0x0000000022710000)]
  0x000000001e66e000 JavaThread "Cache worker for execution history cache (C:\Users\lacdlave\.gradle\caches\5.6.4\executionHistory)" [_thread_blocked, id=23072, stack(0x0000000022510000,0x0000000022610000)]
  0x000000001b1cb000 JavaThread "Cache worker for cache directory md-rule (C:\Users\lacdlave\.gradle\caches\5.6.4\md-rule)" [_thread_blocked, id=22424, stack(0x0000000020fd0000,0x00000000210d0000)]
  0x000000001b1ca800 JavaThread "Cache worker for cache directory md-supplier (C:\Users\lacdlave\.gradle\caches\5.6.4\md-supplier)" [_thread_blocked, id=10520, stack(0x000000001f860000,0x000000001f960000)]
  0x000000001b1ce000 JavaThread "Cache worker for file hash cache (C:\Users\lacdlave\Documents\AndoidProject\oona-test-app1\.gradle\5.6.4\fileHashes)" [_thread_blocked, id=11516, stack(0x000000001f560000,0x000000001f660000)]
  0x000000001b1cc000 JavaThread "Cache worker for journal cache (C:\Users\lacdlave\.gradle\caches\journal-1)" [_thread_blocked, id=4032, stack(0x000000001d0c0000,0x000000001d1c0000)]
  0x000000001b1cc800 JavaThread "File lock request listener" [_thread_in_native, id=21680, stack(0x000000001cfc0000,0x000000001d0c0000)]
  0x000000001aff3000 JavaThread "Cache worker for file hash cache (C:\Users\lacdlave\.gradle\caches\5.6.4\fileHashes)" [_thread_blocked, id=24836, stack(0x000000001cec0000,0x000000001cfc0000)]
  0x000000001aefd800 JavaThread "Thread-9" [_thread_blocked, id=20724, stack(0x000000001cdc0000,0x000000001cec0000)]
  0x000000001aefc000 JavaThread "Stdin handler" [_thread_blocked, id=25264, stack(0x000000001ccc0000,0x000000001cdc0000)]
  0x000000001aef9000 JavaThread "Asynchronous log dispatcher for DefaultDaemonConnection: socket connection from /127.0.0.1:63513 to /127.0.0.1:63514" [_thread_blocked, id=3164, stack(0x000000001cac0000,0x000000001cbc0000)]
  0x000000001af20000 JavaThread "Daemon worker" [_thread_in_Java, id=12552, stack(0x000000001c9c0000,0x000000001cac0000)]
  0x000000001af1f800 JavaThread "Cancel handler" [_thread_blocked, id=4464, stack(0x000000001c8c0000,0x000000001c9c0000)]
  0x000000001af04000 JavaThread "Handler for socket connection from /127.0.0.1:63513 to /127.0.0.1:63514" [_thread_in_native, id=22736, stack(0x000000001c5c0000,0x000000001c6c0000)]
  0x000000001aeb0800 JavaThread "Daemon" [_thread_blocked, id=9508, stack(0x000000001c4c0000,0x000000001c5c0000)]
  0x000000001aead800 JavaThread "Daemon periodic checks" [_thread_blocked, id=14712, stack(0x000000001c3c0000,0x000000001c4c0000)]
  0x000000001af02800 JavaThread "Incoming local TCP Connector on port 63513" [_thread_in_native, id=6988, stack(0x000000001c180000,0x000000001c280000)]
  0x000000001adbd800 JavaThread "Daemon health stats" [_thread_blocked, id=1200, stack(0x000000001ba40000,0x000000001bb40000)]
  0x000000001843f000 JavaThread "Service Thread" daemon [_thread_blocked, id=324, stack(0x00000000190a0000,0x00000000191a0000)]
  0x00000000183df000 JavaThread "C1 CompilerThread3" daemon [_thread_blocked, id=20512, stack(0x0000000018fa0000,0x00000000190a0000)]
  0x00000000183db000 JavaThread "C2 CompilerThread2" daemon [_thread_in_native, id=3732, stack(0x0000000018ea0000,0x0000000018fa0000)]
  0x00000000183d4000 JavaThread "C2 CompilerThread1" daemon [_thread_in_native, id=12684, stack(0x0000000018da0000,0x0000000018ea0000)]
=>0x00000000183d0800 JavaThread "C2 CompilerThread0" daemon [_thread_in_native, id=20920, stack(0x0000000018ca0000,0x0000000018da0000)]
  0x00000000183cd000 JavaThread "Attach Listener" daemon [_thread_blocked, id=20800, stack(0x0000000018ba0000,0x0000000018ca0000)]
  0x00000000183cc000 JavaThread "Signal Dispatcher" daemon [_thread_blocked, id=24940, stack(0x0000000018aa0000,0x0000000018ba0000)]
  0x00000000183c1000 JavaThread "Finalizer" daemon [_thread_blocked, id=18208, stack(0x00000000188a0000,0x00000000189a0000)]
  0x00000000183c0800 JavaThread "Reference Handler" daemon [_thread_blocked, id=17596, stack(0x00000000187a0000,0x00000000188a0000)]
  0x0000000002702800 JavaThread "main" [_thread_blocked, id=24624, stack(0x00000000025b0000,0x00000000026b0000)]

Other Threads:
  0x00000000165b6000 VMThread [stack: 0x00000000182a0000,0x00000000183a0000] [id=11600]
  0x000000001843f800 WatcherThread [stack: 0x00000000191a0000,0x00000000192a0000] [id=14016]

VM state:not at safepoint (normal execution)

VM Mutex/Monitor currently owned by a thread: None

heap address: 0x00000000a0000000, size: 1536 MB, Compressed Oops mode: 32-bit
Narrow klass base: 0x0000000000000000, Narrow klass shift: 3
Compressed class space size: 1073741824 Address: 0x0000000100000000

Heap:
 PSYoungGen      total 175104K, used 144169K [0x00000000e0000000, 0x00000000ee980000, 0x0000000100000000)
  eden space 162304K, 80% used [0x00000000e0000000,0x00000000e804fef0,0x00000000e9e80000)
  from space 12800K, 99% used [0x00000000edd00000,0x00000000ee97a780,0x00000000ee980000)
  to   space 14848K, 0% used [0x00000000ecc80000,0x00000000ecc80000,0x00000000edb00000)
 ParOldGen       total 84480K, used 19469K [0x00000000a0000000, 0x00000000a5280000, 0x00000000e0000000)
  object space 84480K, 23% used [0x00000000a0000000,0x00000000a1303660,0x00000000a5280000)
 Metaspace       used 56349K, capacity 58106K, committed 58368K, reserved 1099776K
  class space    used 7717K, capacity 8154K, committed 8192K, reserved 1048576K

Card table byte_map: [0x0000000011bc0000,0x0000000011ed0000] byte_map_base: 0x00000000116c0000

Marking Bits: (ParMarkBitMap*) 0x0000000061a99f30
 Begin Bits: [0x00000000128d0000, 0x00000000140d0000)
 End Bits:   [0x00000000140d0000, 0x00000000158d0000)

Polling page: 0x0000000000d90000

CodeCache: size=245760Kb used=16844Kb max_used=16855Kb free=228915Kb
 bounds [0x0000000002800000, 0x0000000003890000, 0x0000000011800000]
 total_blobs=5561 nmethods=4782 adapters=691
 compilation: enabled

Compilation events (10 events):
Event: 9.611 Thread 0x00000000183df000 nmethod 5190 0x000000000386f8d0 code [0x000000000386fa20, 0x000000000386fb30]
Event: 9.611 Thread 0x00000000183d4000 nmethod 5186 0x000000000386d250 code [0x000000000386d3c0, 0x000000000386d6d8]
Event: 9.621 Thread 0x00000000183df000 5193       3       java.util.regex.Pattern$BmpCharProperty::match (50 bytes)
Event: 9.621 Thread 0x00000000183df000 nmethod 5193 0x00000000038708d0 code [0x0000000003870a60, 0x0000000003870f08]
Event: 9.621 Thread 0x00000000183df000 5194       3       java.util.regex.Pattern$Dollar::match (209 bytes)
Event: 9.622 Thread 0x00000000183df000 nmethod 5194 0x000000000387b450 code [0x000000000387b660, 0x000000000387c338]
Event: 9.624 Thread 0x00000000183df000 5195       3       com.sun.org.apache.xerces.internal.util.FeatureState::<init> (15 bytes)
Event: 9.624 Thread 0x00000000183df000 nmethod 5195 0x000000000387b090 code [0x000000000387b1e0, 0x000000000387b3b0]
Event: 9.624 Thread 0x00000000183df000 5196       3       com.sun.org.apache.xerces.internal.parsers.XIncludeAwareParserConfiguration::getFeatureState (40 bytes)
Event: 9.624 Thread 0x00000000183df000 nmethod 5196 0x000000000386fcd0 code [0x000000000386fea0, 0x00000000038705e8]

GC Heap History (10 events):
Event: 4.959 GC heap before
{Heap before GC invocations=6 (full 1):
 PSYoungGen      total 76288K, used 65536K [0x00000000e0000000, 0x00000000e9500000, 0x0000000100000000)
  eden space 65536K, 100% used [0x00000000e0000000,0x00000000e4000000,0x00000000e4000000)
  from space 10752K, 0% used [0x00000000e4a80000,0x00000000e4a80000,0x00000000e5500000)
  to   space 10752K, 0% used [0x00000000e4000000,0x00000000e4000000,0x00000000e4a80000)
 ParOldGen       total 84480K, used 7462K [0x00000000a0000000, 0x00000000a5280000, 0x00000000e0000000)
  object space 84480K, 8% used [0x00000000a0000000,0x00000000a0749870,0x00000000a5280000)
 Metaspace       used 29034K, capacity 29562K, committed 29696K, reserved 1075200K
  class space    used 3905K, capacity 4065K, committed 4096K, reserved 1048576K
Event: 4.963 GC heap after
Heap after GC invocations=6 (full 1):
 PSYoungGen      total 76288K, used 8084K [0x00000000e0000000, 0x00000000e8e00000, 0x0000000100000000)
  eden space 65536K, 0% used [0x00000000e0000000,0x00000000e0000000,0x00000000e4000000)
  from space 10752K, 75% used [0x00000000e4000000,0x00000000e47e53f0,0x00000000e4a80000)
  to   space 12800K, 0% used [0x00000000e8180000,0x00000000e8180000,0x00000000e8e00000)
 ParOldGen       total 84480K, used 7470K [0x00000000a0000000, 0x00000000a5280000, 0x00000000e0000000)
  object space 84480K, 8% used [0x00000000a0000000,0x00000000a074b870,0x00000000a5280000)
 Metaspace       used 29034K, capacity 29562K, committed 29696K, reserved 1075200K
  class space    used 3905K, capacity 4065K, committed 4096K, reserved 1048576K
}
Event: 5.353 GC heap before
{Heap before GC invocations=7 (full 1):
 PSYoungGen      total 76288K, used 73620K [0x00000000e0000000, 0x00000000e8e00000, 0x0000000100000000)
  eden space 65536K, 100% used [0x00000000e0000000,0x00000000e4000000,0x00000000e4000000)
  from space 10752K, 75% used [0x00000000e4000000,0x00000000e47e53f0,0x00000000e4a80000)
  to   space 12800K, 0% used [0x00000000e8180000,0x00000000e8180000,0x00000000e8e00000)
 ParOldGen       total 84480K, used 7470K [0x00000000a0000000, 0x00000000a5280000, 0x00000000e0000000)
  object space 84480K, 8% used [0x00000000a0000000,0x00000000a074b870,0x00000000a5280000)
 Metaspace       used 31921K, capacity 32532K, committed 32768K, reserved 1077248K
  class space    used 4368K, capacity 4587K, committed 4608K, reserved 1048576K
Event: 5.361 GC heap after
Heap after GC invocations=7 (full 1):
 PSYoungGen      total 130560K, used 8843K [0x00000000e0000000, 0x00000000e8c80000, 0x0000000100000000)
  eden space 119296K, 0% used [0x00000000e0000000,0x00000000e0000000,0x00000000e7480000)
  from space 11264K, 78% used [0x00000000e8180000,0x00000000e8a22d90,0x00000000e8c80000)
  to   space 12288K, 0% used [0x00000000e7480000,0x00000000e7480000,0x00000000e8080000)
 ParOldGen       total 84480K, used 7478K [0x00000000a0000000, 0x00000000a5280000, 0x00000000e0000000)
  object space 84480K, 8% used [0x00000000a0000000,0x00000000a074d870,0x00000000a5280000)
 Metaspace       used 31921K, capacity 32532K, committed 32768K, reserved 1077248K
  class space    used 4368K, capacity 4587K, committed 4608K, reserved 1048576K
}
Event: 5.872 GC heap before
{Heap before GC invocations=8 (full 1):
 PSYoungGen      total 130560K, used 69604K [0x00000000e0000000, 0x00000000e8c80000, 0x0000000100000000)
  eden space 119296K, 50% used [0x00000000e0000000,0x00000000e3b56658,0x00000000e7480000)
  from space 11264K, 78% used [0x00000000e8180000,0x00000000e8a22d90,0x00000000e8c80000)
  to   space 12288K, 0% used [0x00000000e7480000,0x00000000e7480000,0x00000000e8080000)
 ParOldGen       total 84480K, used 7478K [0x00000000a0000000, 0x00000000a5280000, 0x00000000e0000000)
  object space 84480K, 8% used [0x00000000a0000000,0x00000000a074d870,0x00000000a5280000)
 Metaspace       used 34571K, capacity 35446K, committed 35496K, reserved 1079296K
  class space    used 4743K, capacity 4972K, committed 4992K, reserved 1048576K
Event: 5.879 GC heap after
Heap after GC invocations=8 (full 1):
 PSYoungGen      total 131584K, used 10469K [0x00000000e0000000, 0x00000000ee980000, 0x0000000100000000)
  eden space 119296K, 0% used [0x00000000e0000000,0x00000000e0000000,0x00000000e7480000)
  from space 12288K, 85% used [0x00000000e7480000,0x00000000e7eb9418,0x00000000e8080000)
  to   space 12800K, 0% used [0x00000000edd00000,0x00000000edd00000,0x00000000ee980000)
 ParOldGen       total 84480K, used 7486K [0x00000000a0000000, 0x00000000a5280000, 0x00000000e0000000)
  object space 84480K, 8% used [0x00000000a0000000,0x00000000a074f870,0x00000000a5280000)
 Metaspace       used 34571K, capacity 35446K, committed 35496K, reserved 1079296K
  class space    used 4743K, capacity 4972K, committed 4992K, reserved 1048576K
}
Event: 5.879 GC heap before
{Heap before GC invocations=9 (full 2):
 PSYoungGen      total 131584K, used 10469K [0x00000000e0000000, 0x00000000ee980000, 0x0000000100000000)
  eden space 119296K, 0% used [0x00000000e0000000,0x00000000e0000000,0x00000000e7480000)
  from space 12288K, 85% used [0x00000000e7480000,0x00000000e7eb9418,0x00000000e8080000)
  to   space 12800K, 0% used [0x00000000edd00000,0x00000000edd00000,0x00000000ee980000)
 ParOldGen       total 84480K, used 7486K [0x00000000a0000000, 0x00000000a5280000, 0x00000000e0000000)
  object space 84480K, 8% used [0x00000000a0000000,0x00000000a074f870,0x00000000a5280000)
 Metaspace       used 34571K, capacity 35446K, committed 35496K, reserved 1079296K
  class space    used 4743K, capacity 4972K, committed 4992K, reserved 1048576K
Event: 5.979 GC heap after
Heap after GC invocations=9 (full 2):
 PSYoungGen      total 131584K, used 0K [0x00000000e0000000, 0x00000000ee980000, 0x0000000100000000)
  eden space 119296K, 0% used [0x00000000e0000000,0x00000000e0000000,0x00000000e7480000)
  from space 12288K, 0% used [0x00000000e7480000,0x00000000e7480000,0x00000000e8080000)
  to   space 12800K, 0% used [0x00000000edd00000,0x00000000edd00000,0x00000000ee980000)
 ParOldGen       total 84480K, used 17159K [0x00000000a0000000, 0x00000000a5280000, 0x00000000e0000000)
  object space 84480K, 20% used [0x00000000a0000000,0x00000000a10c1db0,0x00000000a5280000)
 Metaspace       used 34541K, capacity 35344K, committed 35496K, reserved 1079296K
  class space    used 4734K, capacity 4955K, committed 4992K, reserved 1048576K
}
Event: 8.424 GC heap before
{Heap before GC invocations=10 (full 2):
 PSYoungGen      total 131584K, used 119296K [0x00000000e0000000, 0x00000000ee980000, 0x0000000100000000)
  eden space 119296K, 100% used [0x00000000e0000000,0x00000000e7480000,0x00000000e7480000)
  from space 12288K, 0% used [0x00000000e7480000,0x00000000e7480000,0x00000000e8080000)
  to   space 12800K, 0% used [0x00000000edd00000,0x00000000edd00000,0x00000000ee980000)
 ParOldGen       total 84480K, used 17159K [0x00000000a0000000, 0x00000000a5280000, 0x00000000e0000000)
  object space 84480K, 20% used [0x00000000a0000000,0x00000000a10c1db0,0x00000000a5280000)
 Metaspace       used 45637K, capacity 46842K, committed 47232K, reserved 1089536K
  class space    used 6119K, capacity 6429K, committed 6528K, reserved 1048576K
Event: 8.433 GC heap after
Heap after GC invocations=10 (full 2):
 PSYoungGen      total 175104K, used 12777K [0x00000000e0000000, 0x00000000ee980000, 0x0000000100000000)
  eden space 162304K, 0% used [0x00000000e0000000,0x00000000e0000000,0x00000000e9e80000)
  from space 12800K, 99% used [0x00000000edd00000,0x00000000ee97a780,0x00000000ee980000)
  to   space 14848K, 0% used [0x00000000ecc80000,0x00000000ecc80000,0x00000000edb00000)
 ParOldGen       total 84480K, used 19469K [0x00000000a0000000, 0x00000000a5280000, 0x00000000e0000000)
  object space 84480K, 23% used [0x00000000a0000000,0x00000000a1303660,0x00000000a5280000)
 Metaspace       used 45637K, capacity 46842K, committed 47232K, reserved 1089536K
  class space    used 6119K, capacity 6429K, committed 6528K, reserved 1048576K
}

Deoptimization events (10 events):
Event: 9.099 Thread 0x000000001af20000 Uncommon trap: reason=unstable_if action=reinterpret pc=0x0000000002ac808c method=java.util.HashMap.resize()[Ljava/util/HashMap$Node; @ 206
Event: 9.100 Thread 0x000000001af20000 Uncommon trap: reason=unstable_if action=reinterpret pc=0x000000000348a7a8 method=java.util.HashMap.putVal(ILjava/lang/Object;Ljava/lang/Object;ZZ)Ljava/lang/Object; @ 109
Event: 9.100 Thread 0x000000001af20000 Uncommon trap: reason=unstable_if action=reinterpret pc=0x0000000003140e24 method=java.util.HashMap.putVal(ILjava/lang/Object;Ljava/lang/Object;ZZ)Ljava/lang/Object; @ 109
Event: 9.292 Thread 0x000000001af20000 Uncommon trap: reason=unstable_if action=reinterpret pc=0x000000000322f238 method=com.esotericsoftware.kryo.io.Input.require(I)I @ 65
Event: 9.302 Thread 0x000000001af20000 Uncommon trap: reason=unstable_if action=reinterpret pc=0x0000000003532da4 method=java.util.TreeMap.put(Ljava/lang/Object;Ljava/lang/Object;)Ljava/lang/Object; @ 163
Event: 9.399 Thread 0x000000001af20000 Uncommon trap: reason=bimorphic action=maybe_recompile pc=0x000000000356b284 method=java.util.regex.Pattern$5.isSatisfiedBy(I)Z @ 16
Event: 9.399 Thread 0x000000001af20000 Uncommon trap: reason=bimorphic action=maybe_recompile pc=0x000000000356b284 method=java.util.regex.Pattern$5.isSatisfiedBy(I)Z @ 16
Event: 9.399 Thread 0x000000001af20000 Uncommon trap: reason=bimorphic action=maybe_recompile pc=0x000000000356b284 method=java.util.regex.Pattern$5.isSatisfiedBy(I)Z @ 16
Event: 9.399 Thread 0x000000001af20000 Uncommon trap: reason=bimorphic action=maybe_recompile pc=0x000000000356b284 method=java.util.regex.Pattern$5.isSatisfiedBy(I)Z @ 16
Event: 9.621 Thread 0x000000001af20000 Uncommon trap: reason=unstable_if action=reinterpret pc=0x0000000002d96b28 method=java.util.regex.Pattern$BmpCharProperty.match(Ljava/util/regex/Matcher;ILjava/lang/CharSequence;)Z @ 34

Classes redefined (0 events):
No events

Internal exceptions (10 events):
Event: 8.728 Thread 0x000000001af20000 Exception <a 'java/lang/ClassNotFoundException': org/gradle/api/plugins/internal/DefaultJavaPluginConventionCustomizer> (0x00000000e22c7cf8) thrown at [D:\src\AOSP-openjdk-cygwin\jdk8u\hotspot\src\share\vm\classfile\systemDictionary.cpp, line 210]
Event: 8.848 Thread 0x000000001af20000 Exception <a 'java/lang/NoSuchMethodError': java.lang.Object.lambda$comparingInt$7b0bb60$1(Ljava/util/function/ToIntFunction;Ljava/lang/Object;Ljava/lang/Object;)I> (0x00000000e2c60c60) thrown at [D:\src\AOSP-openjdk-cygwin\jdk8u\hotspot\src\share\vm\inte
Event: 9.061 Thread 0x000000001af20000 Exception <a 'java/lang/ClassNotFoundException': com/android/build/gradle/internal/api/ApkVariantOutputImpl_DecoratedBeanInfo> (0x00000000e3ce2e38) thrown at [D:\src\AOSP-openjdk-cygwin\jdk8u\hotspot\src\share\vm\classfile\systemDictionary.cpp, line 210]
Event: 9.062 Thread 0x000000001af20000 Exception <a 'java/lang/ClassNotFoundException': com/android/build/gradle/internal/api/ApkVariantOutputImplBeanInfo> (0x00000000e3d01228) thrown at [D:\src\AOSP-openjdk-cygwin\jdk8u\hotspot\src\share\vm\classfile\systemDictionary.cpp, line 210]
Event: 9.062 Thread 0x000000001af20000 Exception <a 'java/lang/ClassNotFoundException': com/android/build/gradle/internal/api/BaseVariantOutputImplBeanInfo> (0x00000000e3d20b10) thrown at [D:\src\AOSP-openjdk-cygwin\jdk8u\hotspot\src\share\vm\classfile\systemDictionary.cpp, line 210]
Event: 9.063 Thread 0x000000001af20000 Exception <a 'java/lang/ClassNotFoundException': com/android/build/gradle/internal/api/BaseVariantOutputImplCustomizer> (0x00000000e3d409b0) thrown at [D:\src\AOSP-openjdk-cygwin\jdk8u\hotspot\src\share\vm\classfile\systemDictionary.cpp, line 210]
Event: 9.063 Thread 0x000000001af20000 Exception <a 'java/lang/ClassNotFoundException': com/android/build/gradle/internal/api/ApkVariantOutputImplCustomizer> (0x00000000e3d7a440) thrown at [D:\src\AOSP-openjdk-cygwin\jdk8u\hotspot\src\share\vm\classfile\systemDictionary.cpp, line 210]
Event: 9.064 Thread 0x000000001af20000 Exception <a 'java/lang/ClassNotFoundException': com/android/build/gradle/internal/api/ApkVariantOutputImpl_DecoratedCustomizer> (0x00000000e3daf710) thrown at [D:\src\AOSP-openjdk-cygwin\jdk8u\hotspot\src\share\vm\classfile\systemDictionary.cpp, line 210
Event: 9.429 Thread 0x000000001af20000 Exception <a 'java/lang/ClassNotFoundException': com/sun/org/glassfish/hk2/osgiresourcelocator/ServiceLoader> (0x00000000e64b03c8) thrown at [D:\src\AOSP-openjdk-cygwin\jdk8u\hotspot\src\share\vm\classfile\systemDictionary.cpp, line 210]
Event: 9.464 Thread 0x000000001af20000 Exception <a 'java/lang/NullPointerException'> (0x00000000e6a3aa90) thrown at [D:\src\AOSP-openjdk-cygwin\jdk8u\hotspot\src\share\vm\interpreter\linkResolver.cpp, line 1287]

Events (10 events):
Event: 9.623 loading class com/sun/org/apache/xerces/internal/impl/ExternalSubsetResolver
Event: 9.623 loading class com/sun/org/apache/xerces/internal/impl/ExternalSubsetResolver done
Event: 9.623 loading class com/sun/org/apache/xerces/internal/util/ErrorHandlerWrapper
Event: 9.623 loading class com/sun/org/apache/xerces/internal/xni/parser/XMLErrorHandler
Event: 9.623 loading class com/sun/org/apache/xerces/internal/xni/parser/XMLErrorHandler done
Event: 9.623 loading class com/sun/org/apache/xerces/internal/util/ErrorHandlerWrapper done
Event: 9.624 loading class com/sun/org/apache/xerces/internal/parsers/AbstractSAXParser$LocatorProxy
Event: 9.624 loading class org/xml/sax/ext/Locator2
Event: 9.624 loading class org/xml/sax/ext/Locator2 done
Event: 9.624 loading class com/sun/org/apache/xerces/internal/parsers/AbstractSAXParser$LocatorProxy done


Dynamic libraries:
0x00007ff62cc10000 - 0x00007ff62cc41000 	C:\Program Files\Android\Android Studio\jre\bin\java.exe
0x00007fff27af0000 - 0x00007fff27cdd000 	C:\WINDOWS\SYSTEM32\ntdll.dll
0x00007fff26a90000 - 0x00007fff26b43000 	C:\WINDOWS\System32\KERNEL32.dll
0x00007fff177e0000 - 0x00007fff17907000 	C:\Windows\system32\hmpalert.dll
0x00007fff23cc0000 - 0x00007fff23f53000 	C:\WINDOWS\System32\KERNELBASE.dll
0x00007fff24da0000 - 0x00007fff24e43000 	C:\WINDOWS\System32\ADVAPI32.dll
0x00007fff26b50000 - 0x00007fff26bee000 	C:\WINDOWS\System32\msvcrt.dll
0x00007fff24e80000 - 0x00007fff24f1e000 	C:\WINDOWS\System32\sechost.dll
0x00007fff25250000 - 0x00007fff25372000 	C:\WINDOWS\System32\RPCRT4.dll
0x00007fff27420000 - 0x00007fff275b7000 	C:\WINDOWS\System32\USER32.dll
0x00007fff24350000 - 0x00007fff24370000 	C:\WINDOWS\System32\win32u.dll
0x00007fff26ca0000 - 0x00007fff26cc9000 	C:\WINDOWS\System32\GDI32.dll
0x00007fff23f60000 - 0x00007fff240f9000 	C:\WINDOWS\System32\gdi32full.dll
0x00007fff24120000 - 0x00007fff241c0000 	C:\WINDOWS\System32\msvcp_win.dll
0x00007fff23bc0000 - 0x00007fff23cba000 	C:\WINDOWS\System32\ucrtbase.dll
0x00007fff0b7f0000 - 0x00007fff0ba69000 	C:\WINDOWS\WinSxS\amd64_microsoft.windows.common-controls_6595b64144ccf1df_6.0.17763.1039_none_de701650534c7021\COMCTL32.dll
0x00007fff24370000 - 0x00007fff2469c000 	C:\WINDOWS\System32\combase.dll
0x00007fff23960000 - 0x00007fff239de000 	C:\WINDOWS\System32\bcryptPrimitives.dll
0x00007fff278a0000 - 0x00007fff278ce000 	C:\WINDOWS\System32\IMM32.DLL
0x00007fff21de0000 - 0x00007fff21e1d000 	C:\WINDOWS\system32\SophosAV\SOPHOS~1.DLL
0x00007fff24e70000 - 0x00007fff24e78000 	C:\WINDOWS\System32\PSAPI.DLL
0x000000006c090000 - 0x000000006c162000 	C:\Program Files\Android\Android Studio\jre\jre\bin\msvcr100.dll
0x00000000612d0000 - 0x0000000061b16000 	C:\Program Files\Android\Android Studio\jre\jre\bin\server\jvm.dll
0x00007fff21c70000 - 0x00007fff21c79000 	C:\WINDOWS\SYSTEM32\WSOCK32.dll
0x00007fff24c60000 - 0x00007fff24ccd000 	C:\WINDOWS\System32\WS2_32.dll
0x00007fff17aa0000 - 0x00007fff17ac4000 	C:\WINDOWS\SYSTEM32\WINMM.dll
0x00007fff1b4e0000 - 0x00007fff1b4ea000 	C:\WINDOWS\SYSTEM32\VERSION.dll
0x00007fff166e0000 - 0x00007fff1670d000 	C:\WINDOWS\SYSTEM32\WINMMBASE.dll
0x00007fff24250000 - 0x00007fff2429a000 	C:\WINDOWS\System32\cfgmgr32.dll
0x00007fff1b240000 - 0x00007fff1b24f000 	C:\Program Files\Android\Android Studio\jre\jre\bin\verify.dll
0x00007fff1ad70000 - 0x00007fff1ad99000 	C:\Program Files\Android\Android Studio\jre\jre\bin\java.dll
0x00007fff1ad50000 - 0x00007fff1ad66000 	C:\Program Files\Android\Android Studio\jre\jre\bin\zip.dll
0x00007fff25380000 - 0x00007fff26874000 	C:\WINDOWS\System32\SHELL32.dll
0x00007fff26880000 - 0x00007fff26928000 	C:\WINDOWS\System32\shcore.dll
0x00007fff23210000 - 0x00007fff2395d000 	C:\WINDOWS\System32\windows.storage.dll
0x00007fff23180000 - 0x00007fff231a4000 	C:\WINDOWS\System32\profapi.dll
0x00007fff231b0000 - 0x00007fff2320d000 	C:\WINDOWS\System32\powrprof.dll
0x00007fff278d0000 - 0x00007fff27922000 	C:\WINDOWS\System32\shlwapi.dll
0x00007fff23160000 - 0x00007fff23171000 	C:\WINDOWS\System32\kernel.appcore.dll
0x00007fff24100000 - 0x00007fff24117000 	C:\WINDOWS\System32\cryptsp.dll
0x00007fff1ace0000 - 0x00007fff1acfa000 	C:\Program Files\Android\Android Studio\jre\jre\bin\net.dll
0x00007fff27240000 - 0x00007fff27418000 	C:\WINDOWS\System32\urlmon.dll
0x00007fff24fa0000 - 0x00007fff25248000 	C:\WINDOWS\System32\iertutil.dll
0x00007fff22b80000 - 0x00007fff22b8c000 	C:\WINDOWS\SYSTEM32\CRYPTBASE.DLL
0x00007fff229b0000 - 0x00007fff22a17000 	C:\WINDOWS\system32\mswsock.dll
0x00007fff1ac60000 - 0x00007fff1ac73000 	C:\Program Files\Android\Android Studio\jre\jre\bin\nio.dll
0x00007fff12ce0000 - 0x00007fff12d06000 	C:\Users\lacdlave\.gradle\native\30\windows-amd64\native-platform.dll
0x00007fff1b0b0000 - 0x00007fff1b0bd000 	C:\Program Files\Android\Android Studio\jre\jre\bin\management.dll
0x00007fff22530000 - 0x00007fff22563000 	C:\WINDOWS\system32\rsaenh.dll
0x00007fff24220000 - 0x00007fff24246000 	C:\WINDOWS\System32\bcrypt.dll
0x00007fff23040000 - 0x00007fff23068000 	C:\WINDOWS\SYSTEM32\USERENV.dll
0x00007fff226d0000 - 0x00007fff2270d000 	C:\WINDOWS\SYSTEM32\IPHLPAPI.DLL
0x00007fff246a0000 - 0x00007fff246a8000 	C:\WINDOWS\System32\NSI.dll
0x00007fff1bdf0000 - 0x00007fff1be06000 	C:\WINDOWS\SYSTEM32\dhcpcsvc6.DLL
0x00007fff1bd50000 - 0x00007fff1bd6c000 	C:\WINDOWS\SYSTEM32\dhcpcsvc.DLL
0x00007fff22710000 - 0x00007fff227d6000 	C:\WINDOWS\SYSTEM32\DNSAPI.dll

VM Arguments:
jvm_args: -Xmx1536m -Dfile.encoding=windows-1252 -Duser.country=US -Duser.language=en -Duser.variant 
java_command: org.gradle.launcher.daemon.bootstrap.GradleDaemon 5.6.4
java_class_path (initial): C:\Users\lacdlave\.gradle\wrapper\dists\gradle-5.6.4-all\ankdp27end7byghfw1q2sw75f\gradle-5.6.4\lib\gradle-launcher-5.6.4.jar
Launcher Type: SUN_STANDARD

Environment Variables:
JAVA_HOME=C:\Program Files\Java\jdk1.8.0_181
PATH=C:\Program Files (x86)\Common Files\Oracle\Java\javapath;C:\Program Files (x86)\Python38-32\Scripts\;C:\Program Files (x86)\Python38-32\;C:\Program Files (x86)\Intel\iCLS Client\;C:\Program Files\Intel\iCLS Client\;C:\ProgramData\Oracle\Java\javapath;C:\windows\system32;C:\windows;C:\windows\System32\Wbem;C:\windows\System32\WindowsPowerShell\v1.0\;C:\Program Files (x86)\Intel\Intel(R) Management Engine Components\DAL;C:\Program Files\Intel\Intel(R) Management Engine Components\DAL;C:\Program Files (x86)\Intel\Intel(R) Management Engine Components\IPT;C:\Program Files\Intel\Intel(R) Management Engine Components\IPT;C:\Program Files (x86)\Windows Kits\8.1\Windows Performance Toolkit\;C:\adb;C:\Program Files (x86)\Intel\Platform Flash Tool;C:\Program Files\Java\jdk1.8.0_181\bin;C:\WINDOWS\system32;C:\WINDOWS;C:\WINDOWS\System32\Wbem;C:\WINDOWS\System32\WindowsPowerShell\v1.0\;C:\WINDOWS\System32\OpenSSH\;C:\Program Files (x86)\Gpg4win\..\GnuPG\bin;C:\Program Files\TortoiseGit\bin;C:\Program Files\Git\cmd;C:\Users\lacdlave\AppData\Local\Microsoft\WindowsApps;
USERNAME=lacdlave
OS=Windows_NT
PROCESSOR_IDENTIFIER=Intel64 Family 6 Model 94 Stepping 3, GenuineIntel



---------------  S Y S T E M  ---------------

OS: Windows 10.0 , 64 bit Build 17763 (10.0.17763.475)

CPU:total 8 (initial active 8) (4 cores per cpu, 2 threads per core) family 6 model 94 stepping 3, cmov, cx8, fxsr, mmx, sse, sse2, sse3, ssse3, sse4.1, sse4.2, popcnt, avx, avx2, aes, clmul, erms, rtm, 3dnowpref, lzcnt, ht, tsc, tscinvbit, bmi1, bmi2, adx

Memory: 4k page, physical 16654940k(3616984k free), swap 20835736k(5156k free)

vm_info: OpenJDK 64-Bit Server VM (25.212-b04) for windows-amd64 JRE (1.8.0_212-release-1586-b04), built by "builder" with MS VC++ 10.0 (VS2010)

time: Fri Mar 06 10:01:46 2020
timezone: Romance Standard Time
elapsed time: 9 seconds (0d 0h 0m 9s)

