#
# There is insufficient memory for the Java Runtime Environment to continue.
# Native memory allocation (malloc) failed to allocate 1141056 bytes for Chunk::new
# Possible reasons:
#   The system is out of physical RAM or swap space
#   The process is running with CompressedOops enabled, and the Java Heap may be blocking the growth of the native heap
# Possible solutions:
#   Reduce memory load on the system
#   Increase physical memory or swap space
#   Check if swap backing store is full
#   Decrease Java heap size (-Xmx/-Xms)
#   Decrease number of Java threads
#   Decrease Java thread stack sizes (-Xss)
#   Set larger code cache with -XX:ReservedCodeCacheSize=
#   JVM is running with Unscaled Compressed Oops mode in which the Java heap is
#     placed in the first 4GB address space. The Java Heap base address is the
#     maximum limit for the native heap growth. Please use -XX:HeapBaseMinAddress
#     to set the Java Heap base and to place the Java Heap above 4GB virtual address.
# This output file may be truncated or incomplete.
#
#  Out of Memory Error (allocation.cpp:389), pid=19516, tid=0x0000000000006064
#
# JRE version: OpenJDK Runtime Environment (8.0_212-b04) (build 1.8.0_212-release-1586-b04)
# Java VM: OpenJDK 64-Bit Server VM (25.212-b04 mixed mode windows-amd64 compressed oops)
# Failed to write core dump. Minidumps are not enabled by default on client versions of Windows
#

---------------  T H R E A D  ---------------

Current thread (0x0000000018439000):  JavaThread "C2 CompilerThread2" daemon [_thread_in_native, id=24676, stack(0x0000000018f00000,0x0000000019000000)]

Stack: [0x0000000018f00000,0x0000000019000000]
[error occurred during error reporting (printing stack bounds), id 0xc0000005]

Native frames: (J=compiled Java code, j=interpreted, Vv=VM code, C=native code)


Current CompileTask:
C2:  10842 8221 %     4       com.android.tools.r8.dex.j::a @ 330 (1022 bytes)


---------------  P R O C E S S  ---------------

Java Threads: ( => current thread )
  0x000000001b748000 JavaThread "ForkJoinPool-2-worker-0" daemon [_thread_blocked, id=15308, stack(0x00000000278c0000,0x00000000279c0000)]
  0x000000001b74e800 JavaThread "ForkJoinPool-2-worker-7" daemon [_thread_blocked, id=2484, stack(0x00000000277c0000,0x00000000278c0000)]
  0x000000001b74e000 JavaThread "ForkJoinPool-2-worker-6" daemon [_thread_blocked, id=23624, stack(0x00000000276c0000,0x00000000277c0000)]
  0x000000001b74d000 JavaThread "ForkJoinPool-2-worker-5" daemon [_thread_blocked, id=20624, stack(0x00000000275c0000,0x00000000276c0000)]
  0x000000001b747000 JavaThread "ForkJoinPool-2-worker-4" daemon [_thread_blocked, id=22444, stack(0x00000000274c0000,0x00000000275c0000)]
  0x000000001b745800 JavaThread "ForkJoinPool-2-worker-3" daemon [_thread_blocked, id=1632, stack(0x00000000273c0000,0x00000000274c0000)]
  0x000000001b74c800 JavaThread "ForkJoinPool-2-worker-2" daemon [_thread_in_Java, id=10500, stack(0x00000000272c0000,0x00000000273c0000)]
  0x000000001b74b800 JavaThread "ForkJoinPool-2-worker-1" daemon [_thread_blocked, id=17700, stack(0x00000000271c0000,0x00000000272c0000)]
  0x000000001b74b000 JavaThread "WorkerExecutor Queue" [_thread_blocked, id=24664, stack(0x0000000026b10000,0x0000000026c10000)]
  0x000000001b746800 JavaThread "Cache worker for execution history cache (C:\Users\lacdlave\Documents\AndoidProject\oona-test-app1\.gradle\5.6.4\executionHistory)" [_thread_blocked, id=16592, stack(0x00000000253a0000,0x00000000254a0000)]
  0x000000001b745000 JavaThread "Execution worker for ':' Thread 7" [_thread_blocked, id=8904, stack(0x00000000252a0000,0x00000000253a0000)]
  0x000000001b74a000 JavaThread "Execution worker for ':' Thread 6" [_thread_blocked, id=15056, stack(0x00000000251a0000,0x00000000252a0000)]
  0x000000001b749800 JavaThread "Execution worker for ':' Thread 5" [_thread_blocked, id=19760, stack(0x00000000250a0000,0x00000000251a0000)]
  0x000000001dcb9000 JavaThread "Execution worker for ':' Thread 4" [_thread_blocked, id=19880, stack(0x0000000024fa0000,0x00000000250a0000)]
  0x000000001dcbf000 JavaThread "Execution worker for ':' Thread 3" [_thread_blocked, id=12824, stack(0x0000000024ea0000,0x0000000024fa0000)]
  0x000000001dcbc800 JavaThread "Execution worker for ':' Thread 2" [_thread_blocked, id=14728, stack(0x0000000024da0000,0x0000000024ea0000)]
  0x000000001dcbe000 JavaThread "Execution worker for ':'" [_thread_blocked, id=1660, stack(0x0000000024ca0000,0x0000000024da0000)]
  0x000000001dcbc000 JavaThread "Cache worker for file content cache (C:\Users\lacdlave\Documents\AndoidProject\oona-test-app1\.gradle\5.6.4\fileContent)" [_thread_blocked, id=24524, stack(0x00000000247a0000,0x00000000248a0000)]
  0x000000001dcbd800 JavaThread "Cache worker for file content cache (C:\Users\lacdlave\.gradle\caches\5.6.4\fileContent)" [_thread_blocked, id=20676, stack(0x0000000024400000,0x0000000024500000)]
  0x000000001dcbb000 JavaThread "Memory manager" [_thread_blocked, id=17392, stack(0x0000000024300000,0x0000000024400000)]
  0x000000001dcbf800 JavaThread "Cache worker for Build Output Cleanup Cache (C:\Users\lacdlave\Documents\AndoidProject\oona-test-app1\.gradle\buildOutputCleanup)" [_thread_blocked, id=11212, stack(0x0000000023800000,0x0000000023900000)]
  0x000000001dcb1800 JavaThread "pool-1-thread-1" [_thread_blocked, id=14764, stack(0x0000000023500000,0x0000000023600000)]
  0x000000001dcb6800 JavaThread "Build operations Thread 8" [_thread_blocked, id=25344, stack(0x0000000023000000,0x0000000023100000)]
  0x000000001dcb5000 JavaThread "Build operations Thread 7" [_thread_blocked, id=2608, stack(0x0000000022f00000,0x0000000023000000)]
  0x000000001dcb6000 JavaThread "Build operations Thread 6" [_thread_blocked, id=14156, stack(0x0000000022e00000,0x0000000022f00000)]
  0x000000001dcb2000 JavaThread "Build operations Thread 5" [_thread_blocked, id=22888, stack(0x0000000022d00000,0x0000000022e00000)]
  0x000000001dcb3000 JavaThread "Build operations Thread 4" [_thread_blocked, id=5516, stack(0x0000000022c00000,0x0000000022d00000)]
  0x000000001dcb3800 JavaThread "Build operations Thread 3" [_thread_blocked, id=21556, stack(0x0000000022b00000,0x0000000022c00000)]
  0x000000001dcb4800 JavaThread "Build operations Thread 2" [_thread_blocked, id=21404, stack(0x0000000022780000,0x0000000022880000)]
  0x000000001dcb7800 JavaThread "Build operations" [_thread_blocked, id=17708, stack(0x0000000022680000,0x0000000022780000)]
  0x000000001af23800 JavaThread "Cache worker for execution history cache (C:\Users\lacdlave\.gradle\caches\5.6.4\executionHistory)" [_thread_blocked, id=22592, stack(0x0000000022380000,0x0000000022480000)]
  0x000000001af1e000 JavaThread "Cache worker for cache directory md-rule (C:\Users\lacdlave\.gradle\caches\5.6.4\md-rule)" [_thread_blocked, id=4532, stack(0x0000000022170000,0x0000000022270000)]
  0x000000001af20800 JavaThread "Cache worker for cache directory md-supplier (C:\Users\lacdlave\.gradle\caches\5.6.4\md-supplier)" [_thread_blocked, id=14424, stack(0x0000000020a30000,0x0000000020b30000)]
  0x000000001af22000 JavaThread "Cache worker for file hash cache (C:\Users\lacdlave\Documents\AndoidProject\oona-test-app1\.gradle\5.6.4\fileHashes)" [_thread_blocked, id=3308, stack(0x000000001e2f0000,0x000000001e3f0000)]
  0x000000001af1f000 JavaThread "Cache worker for journal cache (C:\Users\lacdlave\.gradle\caches\journal-1)" [_thread_blocked, id=10508, stack(0x000000001d020000,0x000000001d120000)]
  0x000000001af21000 JavaThread "File lock request listener" [_thread_in_native, id=4076, stack(0x000000001cf20000,0x000000001d020000)]
  0x000000001aeb1000 JavaThread "Cache worker for file hash cache (C:\Users\lacdlave\.gradle\caches\5.6.4\fileHashes)" [_thread_blocked, id=14752, stack(0x000000001ce20000,0x000000001cf20000)]
  0x000000001ae46000 JavaThread "Thread-9" [_thread_blocked, id=19232, stack(0x000000001cd20000,0x000000001ce20000)]
  0x000000001aecb000 JavaThread "Stdin handler" [_thread_blocked, id=22500, stack(0x000000001cc20000,0x000000001cd20000)]
  0x000000001ae7e800 JavaThread "Asynchronous log dispatcher for DefaultDaemonConnection: socket connection from /127.0.0.1:63663 to /127.0.0.1:63664" [_thread_blocked, id=14756, stack(0x000000001ca20000,0x000000001cb20000)]
  0x000000001ae7b800 JavaThread "Daemon worker" [_thread_blocked, id=23372, stack(0x000000001c920000,0x000000001ca20000)]
  0x000000001ae79000 JavaThread "Cancel handler" [_thread_blocked, id=2196, stack(0x000000001c820000,0x000000001c920000)]
  0x000000001ae18000 JavaThread "Handler for socket connection from /127.0.0.1:63663 to /127.0.0.1:63664" [_thread_in_native, id=14916, stack(0x000000001c520000,0x000000001c620000)]
  0x000000001ae1a000 JavaThread "Daemon" [_thread_blocked, id=12580, stack(0x000000001c420000,0x000000001c520000)]
  0x000000001ae01800 JavaThread "Daemon periodic checks" [_thread_blocked, id=13332, stack(0x000000001c320000,0x000000001c420000)]
  0x000000001ada1000 JavaThread "Incoming local TCP Connector on port 63663" [_thread_in_native, id=18516, stack(0x000000001c0e0000,0x000000001c1e0000)]
  0x000000001ad18000 JavaThread "Daemon health stats" [_thread_blocked, id=23744, stack(0x000000001baa0000,0x000000001bba0000)]
  0x00000000184ca000 JavaThread "Service Thread" daemon [_thread_blocked, id=8464, stack(0x0000000019100000,0x0000000019200000)]
  0x000000001843d000 JavaThread "C1 CompilerThread3" daemon [_thread_blocked, id=9384, stack(0x0000000019000000,0x0000000019100000)]
=>0x0000000018439000 JavaThread "C2 CompilerThread2" daemon [_thread_in_native, id=24676, stack(0x0000000018f00000,0x0000000019000000)]
  0x0000000018434000 JavaThread "C2 CompilerThread1" daemon [_thread_in_native, id=13624, stack(0x0000000018e00000,0x0000000018f00000)]
  0x0000000018430800 JavaThread "C2 CompilerThread0" daemon [_thread_in_native, id=23740, stack(0x0000000018d00000,0x0000000018e00000)]
  0x000000001842d000 JavaThread "Attach Listener" daemon [_thread_blocked, id=11472, stack(0x0000000018c00000,0x0000000018d00000)]
  0x000000001842c000 JavaThread "Signal Dispatcher" daemon [_thread_blocked, id=22496, stack(0x0000000018b00000,0x0000000018c00000)]
  0x0000000018421000 JavaThread "Finalizer" daemon [_thread_blocked, id=21028, stack(0x0000000018900000,0x0000000018a00000)]
  0x0000000018420800 JavaThread "Reference Handler" daemon [_thread_blocked, id=19752, stack(0x0000000018800000,0x0000000018900000)]
  0x00000000026d2800 JavaThread "main" [_thread_blocked, id=1564, stack(0x0000000002580000,0x0000000002680000)]

Other Threads:
  0x0000000016616000 VMThread [stack: 0x0000000018300000,0x0000000018400000] [id=20704]
  0x000000001848d000 WatcherThread [stack: 0x0000000019200000,0x0000000019300000] [id=9480]

VM state:not at safepoint (normal execution)

VM Mutex/Monitor currently owned by a thread: None

heap address: 0x00000000a0000000, size: 1536 MB, Compressed Oops mode: 32-bit
Narrow klass base: 0x0000000000000000, Narrow klass shift: 3
Compressed class space size: 1073741824 Address: 0x0000000100000000

Heap:
 PSYoungGen      total 207872K, used 147997K [0x00000000e0000000, 0x00000000ee600000, 0x0000000100000000)
  eden space 195584K, 69% used [0x00000000e0000000,0x00000000e848c998,0x00000000ebf00000)
  from space 12288K, 99% used [0x00000000eda00000,0x00000000ee5fac18,0x00000000ee600000)
  to   space 14848K, 0% used [0x00000000ecb80000,0x00000000ecb80000,0x00000000eda00000)
 ParOldGen       total 215040K, used 42883K [0x00000000a0000000, 0x00000000ad200000, 0x00000000e0000000)
  object space 215040K, 19% used [0x00000000a0000000,0x00000000a29e0ce8,0x00000000ad200000)
 Metaspace       used 70196K, capacity 73292K, committed 73344K, reserved 1112064K
  class space    used 9737K, capacity 10365K, committed 10368K, reserved 1048576K

Card table byte_map: [0x0000000011c20000,0x0000000011f30000] byte_map_base: 0x0000000011720000

Marking Bits: (ParMarkBitMap*) 0x0000000061a99f30
 Begin Bits: [0x0000000012930000, 0x0000000014130000)
 End Bits:   [0x0000000014130000, 0x0000000015930000)

Polling page: 0x0000000000970000

CodeCache: size=245760Kb used=24421Kb max_used=24438Kb free=221338Kb
 bounds [0x0000000002860000, 0x0000000004060000, 0x0000000011860000]
 total_blobs=8711 nmethods=7898 adapters=726
 compilation: enabled

Compilation events (10 events):
Event: 10.808 Thread 0x0000000018430800 nmethod 8941 0x0000000004045e10 code [0x0000000004045f60, 0x00000000040466d8]
Event: 10.808 Thread 0x0000000018430800 8943 %     4       java.util.TimSort::mergeHi @ 191 (732 bytes)
Event: 10.819 Thread 0x0000000018430800 nmethod 8943% 0x0000000004053a10 code [0x0000000004053bc0, 0x0000000004055178]
Event: 10.819 Thread 0x0000000018430800 8942       4       java.util.TimSort::mergeLo (659 bytes)
Event: 10.827 Thread 0x000000001843d000 8948       2       java.lang.Math::getExponent (17 bytes)
Event: 10.827 Thread 0x000000001843d000 nmethod 8948 0x0000000004045a50 code [0x0000000004045ba0, 0x0000000004045cf0]
Event: 10.829 Thread 0x000000001843d000 8949       2       com.android.tools.r8.graph.d0::compareTo (12 bytes)
Event: 10.829 Thread 0x000000001843d000 nmethod 8949 0x0000000004053610 code [0x0000000004053780, 0x0000000004053928]
Event: 10.835 Thread 0x0000000018430800 nmethod 8942 0x0000000004055c50 code [0x0000000004055de0, 0x0000000004057218]
Event: 10.835 Thread 0x0000000018430800 8947       4       java.util.TimSort::mergeHi (732 bytes)

GC Heap History (10 events):
Event: 5.632 GC heap before
{Heap before GC invocations=9 (full 2):
 PSYoungGen      total 131072K, used 10495K [0x00000000e0000000, 0x00000000ee880000, 0x0000000100000000)
  eden space 118784K, 0% used [0x00000000e0000000,0x00000000e0000000,0x00000000e7400000)
  from space 12288K, 85% used [0x00000000e7400000,0x00000000e7e3fe28,0x00000000e8000000)
  to   space 12800K, 0% used [0x00000000edc00000,0x00000000edc00000,0x00000000ee880000)
 ParOldGen       total 83968K, used 7461K [0x00000000a0000000, 0x00000000a5200000, 0x00000000e0000000)
  object space 83968K, 8% used [0x00000000a0000000,0x00000000a07496b0,0x00000000a5200000)
 Metaspace       used 34578K, capacity 35422K, committed 35456K, reserved 1079296K
  class space    used 4746K, capacity 4968K, committed 4992K, reserved 1048576K
Event: 5.728 GC heap after
Heap after GC invocations=9 (full 2):
 PSYoungGen      total 131072K, used 0K [0x00000000e0000000, 0x00000000ee880000, 0x0000000100000000)
  eden space 118784K, 0% used [0x00000000e0000000,0x00000000e0000000,0x00000000e7400000)
  from space 12288K, 0% used [0x00000000e7400000,0x00000000e7400000,0x00000000e8000000)
  to   space 12800K, 0% used [0x00000000edc00000,0x00000000edc00000,0x00000000ee880000)
 ParOldGen       total 137728K, used 17193K [0x00000000a0000000, 0x00000000a8680000, 0x00000000e0000000)
  object space 137728K, 12% used [0x00000000a0000000,0x00000000a10ca4f0,0x00000000a8680000)
 Metaspace       used 34555K, capacity 35344K, committed 35456K, reserved 1079296K
  class space    used 4738K, capacity 4955K, committed 4992K, reserved 1048576K
}
Event: 6.735 GC heap before
{Heap before GC invocations=10 (full 2):
 PSYoungGen      total 131072K, used 118784K [0x00000000e0000000, 0x00000000ee880000, 0x0000000100000000)
  eden space 118784K, 100% used [0x00000000e0000000,0x00000000e7400000,0x00000000e7400000)
  from space 12288K, 0% used [0x00000000e7400000,0x00000000e7400000,0x00000000e8000000)
  to   space 12800K, 0% used [0x00000000edc00000,0x00000000edc00000,0x00000000ee880000)
 ParOldGen       total 137728K, used 17193K [0x00000000a0000000, 0x00000000a8680000, 0x00000000e0000000)
  object space 137728K, 12% used [0x00000000a0000000,0x00000000a10ca4f0,0x00000000a8680000)
 Metaspace       used 45585K, capacity 46774K, committed 46976K, reserved 1089536K
  class space    used 6117K, capacity 6427K, committed 6528K, reserved 1048576K
Event: 6.744 GC heap after
Heap after GC invocations=10 (full 2):
 PSYoungGen      total 175104K, used 12791K [0x00000000e0000000, 0x00000000ee880000, 0x0000000100000000)
  eden space 162304K, 0% used [0x00000000e0000000,0x00000000e0000000,0x00000000e9e80000)
  from space 12800K, 99% used [0x00000000edc00000,0x00000000ee87dce8,0x00000000ee880000)
  to   space 14848K, 0% used [0x00000000ecb80000,0x00000000ecb80000,0x00000000eda00000)
 ParOldGen       total 137728K, used 19408K [0x00000000a0000000, 0x00000000a8680000, 0x00000000e0000000)
  object space 137728K, 14% used [0x00000000a0000000,0x00000000a12f43d8,0x00000000a8680000)
 Metaspace       used 45585K, capacity 46774K, committed 46976K, reserved 1089536K
  class space    used 6117K, capacity 6427K, committed 6528K, reserved 1048576K
}
Event: 8.043 GC heap before
{Heap before GC invocations=11 (full 2):
 PSYoungGen      total 175104K, used 160814K [0x00000000e0000000, 0x00000000ee880000, 0x0000000100000000)
  eden space 162304K, 91% used [0x00000000e0000000,0x00000000e908de00,0x00000000e9e80000)
  from space 12800K, 99% used [0x00000000edc00000,0x00000000ee87dce8,0x00000000ee880000)
  to   space 14848K, 0% used [0x00000000ecb80000,0x00000000ecb80000,0x00000000eda00000)
 ParOldGen       total 137728K, used 19408K [0x00000000a0000000, 0x00000000a8680000, 0x00000000e0000000)
  object space 137728K, 14% used [0x00000000a0000000,0x00000000a12f43d8,0x00000000a8680000)
 Metaspace       used 57227K, capacity 59020K, committed 59096K, reserved 1099776K
  class space    used 7845K, capacity 8271K, committed 8320K, reserved 1048576K
Event: 8.059 GC heap after
Heap after GC invocations=11 (full 2):
 PSYoungGen      total 210432K, used 14841K [0x00000000e0000000, 0x00000000ee600000, 0x0000000100000000)
  eden space 195584K, 0% used [0x00000000e0000000,0x00000000e0000000,0x00000000ebf00000)
  from space 14848K, 99% used [0x00000000ecb80000,0x00000000ed9fe7f0,0x00000000eda00000)
  to   space 12288K, 0% used [0x00000000eda00000,0x00000000eda00000,0x00000000ee600000)
 ParOldGen       total 137728K, used 27600K [0x00000000a0000000, 0x00000000a8680000, 0x00000000e0000000)
  object space 137728K, 20% used [0x00000000a0000000,0x00000000a1af4168,0x00000000a8680000)
 Metaspace       used 57227K, capacity 59020K, committed 59096K, reserved 1099776K
  class space    used 7845K, capacity 8271K, committed 8320K, reserved 1048576K
}
Event: 8.059 GC heap before
{Heap before GC invocations=12 (full 3):
 PSYoungGen      total 210432K, used 14841K [0x00000000e0000000, 0x00000000ee600000, 0x0000000100000000)
  eden space 195584K, 0% used [0x00000000e0000000,0x00000000e0000000,0x00000000ebf00000)
  from space 14848K, 99% used [0x00000000ecb80000,0x00000000ed9fe7f0,0x00000000eda00000)
  to   space 12288K, 0% used [0x00000000eda00000,0x00000000eda00000,0x00000000ee600000)
 ParOldGen       total 137728K, used 27600K [0x00000000a0000000, 0x00000000a8680000, 0x00000000e0000000)
  object space 137728K, 20% used [0x00000000a0000000,0x00000000a1af4168,0x00000000a8680000)
 Metaspace       used 57227K, capacity 59020K, committed 59096K, reserved 1099776K
  class space    used 7845K, capacity 8271K, committed 8320K, reserved 1048576K
Event: 8.283 GC heap after
Heap after GC invocations=12 (full 3):
 PSYoungGen      total 210432K, used 0K [0x00000000e0000000, 0x00000000ee600000, 0x0000000100000000)
  eden space 195584K, 0% used [0x00000000e0000000,0x00000000e0000000,0x00000000ebf00000)
  from space 14848K, 0% used [0x00000000ecb80000,0x00000000ecb80000,0x00000000eda00000)
  to   space 12288K, 0% used [0x00000000eda00000,0x00000000eda00000,0x00000000ee600000)
 ParOldGen       total 215040K, used 37009K [0x00000000a0000000, 0x00000000ad200000, 0x00000000e0000000)
  object space 215040K, 17% used [0x00000000a0000000,0x00000000a2424520,0x00000000ad200000)
 Metaspace       used 57227K, capacity 59020K, committed 59096K, reserved 1099776K
  class space    used 7845K, capacity 8271K, committed 8320K, reserved 1048576K
}
Event: 9.745 GC heap before
{Heap before GC invocations=13 (full 3):
 PSYoungGen      total 210432K, used 195584K [0x00000000e0000000, 0x00000000ee600000, 0x0000000100000000)
  eden space 195584K, 100% used [0x00000000e0000000,0x00000000ebf00000,0x00000000ebf00000)
  from space 14848K, 0% used [0x00000000ecb80000,0x00000000ecb80000,0x00000000eda00000)
  to   space 12288K, 0% used [0x00000000eda00000,0x00000000eda00000,0x00000000ee600000)
 ParOldGen       total 215040K, used 37009K [0x00000000a0000000, 0x00000000ad200000, 0x00000000e0000000)
  object space 215040K, 17% used [0x00000000a0000000,0x00000000a2424520,0x00000000ad200000)
 Metaspace       used 64480K, capacity 67012K, committed 67328K, reserved 1107968K
  class space    used 8851K, capacity 9357K, committed 9472K, reserved 1048576K
Event: 9.758 GC heap after
Heap after GC invocations=13 (full 3):
 PSYoungGen      total 207872K, used 12267K [0x00000000e0000000, 0x00000000ee600000, 0x0000000100000000)
  eden space 195584K, 0% used [0x00000000e0000000,0x00000000e0000000,0x00000000ebf00000)
  from space 12288K, 99% used [0x00000000eda00000,0x00000000ee5fac18,0x00000000ee600000)
  to   space 14848K, 0% used [0x00000000ecb80000,0x00000000ecb80000,0x00000000eda00000)
 ParOldGen       total 215040K, used 42883K [0x00000000a0000000, 0x00000000ad200000, 0x00000000e0000000)
  object space 215040K, 19% used [0x00000000a0000000,0x00000000a29e0ce8,0x00000000ad200000)
 Metaspace       used 64480K, capacity 67012K, committed 67328K, reserved 1107968K
  class space    used 8851K, capacity 9357K, committed 9472K, reserved 1048576K
}

Deoptimization events (10 events):
Event: 10.752 Thread 0x000000001b74b000 Uncommon trap: reason=array_check action=maybe_recompile pc=0x0000000004032fb8 method=java.util.TimSort.reverseRange([Ljava/lang/Object;II)V @ 20
Event: 10.752 Thread 0x000000001b74b000 Uncommon trap: reason=array_check action=maybe_recompile pc=0x0000000004032fb8 method=java.util.TimSort.reverseRange([Ljava/lang/Object;II)V @ 20
Event: 10.758 Thread 0x000000001b74c800 Uncommon trap: reason=bimorphic action=maybe_recompile pc=0x000000000400cc08 method=java.util.TimSort.mergeLo(IIII)V @ 189
Event: 10.758 Thread 0x000000001b74c800 Uncommon trap: reason=bimorphic action=maybe_recompile pc=0x000000000400cc08 method=java.util.TimSort.mergeLo(IIII)V @ 189
Event: 10.759 Thread 0x000000001b74c800 Uncommon trap: reason=bimorphic action=maybe_recompile pc=0x000000000400cc08 method=java.util.TimSort.mergeLo(IIII)V @ 189
Event: 10.759 Thread 0x000000001b74c800 Uncommon trap: reason=class_check action=maybe_recompile pc=0x0000000004006c54 method=java.util.TimSort.mergeHi(IIII)V @ 227
Event: 10.759 Thread 0x000000001b74c800 Uncommon trap: reason=class_check action=maybe_recompile pc=0x0000000004006c54 method=java.util.TimSort.mergeHi(IIII)V @ 227
Event: 10.759 Thread 0x000000001b74c800 Uncommon trap: reason=class_check action=maybe_recompile pc=0x0000000004006c54 method=java.util.TimSort.mergeHi(IIII)V @ 227
Event: 10.759 Thread 0x000000001b74c800 Uncommon trap: reason=class_check action=maybe_recompile pc=0x0000000004006c54 method=java.util.TimSort.mergeHi(IIII)V @ 227
Event: 10.759 Thread 0x000000001b74c800 Uncommon trap: reason=bimorphic action=maybe_recompile pc=0x000000000400cc08 method=java.util.TimSort.mergeLo(IIII)V @ 189

Classes redefined (0 events):
No events

Internal exceptions (10 events):
Event: 8.851 Thread 0x000000001b749800 Exception <a 'java/lang/NoSuchMethodError': java.lang.Object.lambda$flatMap$0(Ljava/lang/Throwable;)Lorg/gradle/api/internal/artifacts/transform/CacheableInvocation;> (0x00000000e2769f20) thrown at [D:\src\AOSP-openjdk-cygwin\jdk8u\hotspot\src\share\vm\in
Event: 8.973 Thread 0x000000001b749800 Exception <a 'java/lang/NoSuchMethodError': <clinit>> (0x00000000e4e4a068) thrown at [D:\src\AOSP-openjdk-cygwin\jdk8u\hotspot\src\share\vm\prims\jni.cpp, line 1614]
Event: 8.973 Thread 0x000000001b749800 Exception <a 'java/lang/NoSuchMethodError': <clinit>> (0x00000000e4e4b388) thrown at [D:\src\AOSP-openjdk-cygwin\jdk8u\hotspot\src\share\vm\prims\jni.cpp, line 1614]
Event: 9.811 Thread 0x000000001b749800 Exception <a 'java/lang/NoSuchMethodError': <clinit>> (0x00000000e0c49980) thrown at [D:\src\AOSP-openjdk-cygwin\jdk8u\hotspot\src\share\vm\prims\jni.cpp, line 1614]
Event: 9.812 Thread 0x000000001b749800 Exception <a 'java/lang/NoSuchMethodError': <clinit>> (0x00000000e0c5dd98) thrown at [D:\src\AOSP-openjdk-cygwin\jdk8u\hotspot\src\share\vm\prims\jni.cpp, line 1614]
Event: 9.902 Thread 0x000000001b74b000 Exception <a 'sun/nio/fs/WindowsException'> (0x00000000e1b7df30) thrown at [D:\src\AOSP-openjdk-cygwin\jdk8u\hotspot\src\share\vm\prims\jni.cpp, line 710]
Event: 10.172 Thread 0x000000001b74c800 Implicit null exception at 0x00000000031bcaaf to 0x00000000031bcba1
Event: 10.172 Thread 0x000000001b74d000 Implicit null exception at 0x00000000031bcaaf to 0x00000000031bcba1
Event: 10.172 Thread 0x000000001b748000 Implicit null exception at 0x00000000031bcaaf to 0x00000000031bcba1
Event: 10.172 Thread 0x000000001b74b800 Implicit null exception at 0x00000000031bcaaf to 0x00000000031bcba1

Events (10 events):
Event: 10.831 Thread 0x000000001b74c800 DEOPT PACKING pc=0x0000000004041606 sp=0x00000000273bea30
Event: 10.831 Thread 0x000000001b74c800 DEOPT UNPACKING pc=0x00000000028a75d0 sp=0x00000000273be7a8 mode 0
Event: 10.833 Thread 0x000000001b74c800 DEOPT PACKING pc=0x0000000004041606 sp=0x00000000273bea30
Event: 10.833 Thread 0x000000001b74c800 DEOPT UNPACKING pc=0x00000000028a75d0 sp=0x00000000273be7a8 mode 0
Event: 10.836 Thread 0x000000001b74c800 DEOPT PACKING pc=0x0000000004041606 sp=0x00000000273bea30
Event: 10.836 Thread 0x000000001b74c800 DEOPT UNPACKING pc=0x00000000028a75d0 sp=0x00000000273be7a8 mode 0
Event: 10.838 Thread 0x000000001b74c800 DEOPT PACKING pc=0x0000000004041606 sp=0x00000000273bea30
Event: 10.838 Thread 0x000000001b74c800 DEOPT UNPACKING pc=0x00000000028a75d0 sp=0x00000000273be7a8 mode 0
Event: 10.840 Thread 0x000000001b74c800 DEOPT PACKING pc=0x0000000004041606 sp=0x00000000273bea30
Event: 10.840 Thread 0x000000001b74c800 DEOPT UNPACKING pc=0x00000000028a75d0 sp=0x00000000273be7a8 mode 0


Dynamic libraries:
0x00007ff62cc10000 - 0x00007ff62cc41000 	C:\Program Files\Android\Android Studio\jre\bin\java.exe
0x00007fff27af0000 - 0x00007fff27cdd000 	C:\WINDOWS\SYSTEM32\ntdll.dll
0x00007fff26a90000 - 0x00007fff26b43000 	C:\WINDOWS\System32\KERNEL32.dll
0x00007fff177e0000 - 0x00007fff17907000 	C:\Windows\system32\hmpalert.dll
0x00007fff23cc0000 - 0x00007fff23f53000 	C:\WINDOWS\System32\KERNELBASE.dll
0x00007fff24da0000 - 0x00007fff24e43000 	C:\WINDOWS\System32\ADVAPI32.dll
0x00007fff26b50000 - 0x00007fff26bee000 	C:\WINDOWS\System32\msvcrt.dll
0x00007fff24e80000 - 0x00007fff24f1e000 	C:\WINDOWS\System32\sechost.dll
0x00007fff25250000 - 0x00007fff25372000 	C:\WINDOWS\System32\RPCRT4.dll
0x00007fff27420000 - 0x00007fff275b7000 	C:\WINDOWS\System32\USER32.dll
0x00007fff24350000 - 0x00007fff24370000 	C:\WINDOWS\System32\win32u.dll
0x00007fff26ca0000 - 0x00007fff26cc9000 	C:\WINDOWS\System32\GDI32.dll
0x00007fff23f60000 - 0x00007fff240f9000 	C:\WINDOWS\System32\gdi32full.dll
0x00007fff24120000 - 0x00007fff241c0000 	C:\WINDOWS\System32\msvcp_win.dll
0x00007fff23bc0000 - 0x00007fff23cba000 	C:\WINDOWS\System32\ucrtbase.dll
0x00007fff0b7f0000 - 0x00007fff0ba69000 	C:\WINDOWS\WinSxS\amd64_microsoft.windows.common-controls_6595b64144ccf1df_6.0.17763.1039_none_de701650534c7021\COMCTL32.dll
0x00007fff24370000 - 0x00007fff2469c000 	C:\WINDOWS\System32\combase.dll
0x00007fff23960000 - 0x00007fff239de000 	C:\WINDOWS\System32\bcryptPrimitives.dll
0x00007fff278a0000 - 0x00007fff278ce000 	C:\WINDOWS\System32\IMM32.DLL
0x00007fff21de0000 - 0x00007fff21e1d000 	C:\WINDOWS\system32\SophosAV\SOPHOS~1.DLL
0x00007fff24e70000 - 0x00007fff24e78000 	C:\WINDOWS\System32\PSAPI.DLL
0x000000006c090000 - 0x000000006c162000 	C:\Program Files\Android\Android Studio\jre\jre\bin\msvcr100.dll
0x00000000612d0000 - 0x0000000061b16000 	C:\Program Files\Android\Android Studio\jre\jre\bin\server\jvm.dll
0x00007fff17aa0000 - 0x00007fff17ac4000 	C:\WINDOWS\SYSTEM32\WINMM.dll
0x00007fff21c70000 - 0x00007fff21c79000 	C:\WINDOWS\SYSTEM32\WSOCK32.dll
0x00007fff1b4e0000 - 0x00007fff1b4ea000 	C:\WINDOWS\SYSTEM32\VERSION.dll
0x00007fff24c60000 - 0x00007fff24ccd000 	C:\WINDOWS\System32\WS2_32.dll
0x00007fff166e0000 - 0x00007fff1670d000 	C:\WINDOWS\SYSTEM32\winmmbase.dll
0x00007fff24250000 - 0x00007fff2429a000 	C:\WINDOWS\System32\cfgmgr32.dll
0x00007fff1b240000 - 0x00007fff1b24f000 	C:\Program Files\Android\Android Studio\jre\jre\bin\verify.dll
0x00007fff1ad70000 - 0x00007fff1ad99000 	C:\Program Files\Android\Android Studio\jre\jre\bin\java.dll
0x00007fff1ad50000 - 0x00007fff1ad66000 	C:\Program Files\Android\Android Studio\jre\jre\bin\zip.dll
0x00007fff25380000 - 0x00007fff26874000 	C:\WINDOWS\System32\SHELL32.dll
0x00007fff26880000 - 0x00007fff26928000 	C:\WINDOWS\System32\shcore.dll
0x00007fff23210000 - 0x00007fff2395d000 	C:\WINDOWS\System32\windows.storage.dll
0x00007fff23180000 - 0x00007fff231a4000 	C:\WINDOWS\System32\profapi.dll
0x00007fff231b0000 - 0x00007fff2320d000 	C:\WINDOWS\System32\powrprof.dll
0x00007fff278d0000 - 0x00007fff27922000 	C:\WINDOWS\System32\shlwapi.dll
0x00007fff23160000 - 0x00007fff23171000 	C:\WINDOWS\System32\kernel.appcore.dll
0x00007fff24100000 - 0x00007fff24117000 	C:\WINDOWS\System32\cryptsp.dll
0x00007fff1ace0000 - 0x00007fff1acfa000 	C:\Program Files\Android\Android Studio\jre\jre\bin\net.dll
0x00007fff27240000 - 0x00007fff27418000 	C:\WINDOWS\System32\urlmon.dll
0x00007fff24fa0000 - 0x00007fff25248000 	C:\WINDOWS\System32\iertutil.dll
0x00007fff22b80000 - 0x00007fff22b8c000 	C:\WINDOWS\SYSTEM32\CRYPTBASE.DLL
0x00007fff229b0000 - 0x00007fff22a17000 	C:\WINDOWS\system32\mswsock.dll
0x00007fff1ac60000 - 0x00007fff1ac73000 	C:\Program Files\Android\Android Studio\jre\jre\bin\nio.dll
0x00007fff12ce0000 - 0x00007fff12d06000 	C:\Users\lacdlave\.gradle\native\30\windows-amd64\native-platform.dll
0x00007fff1b0b0000 - 0x00007fff1b0bd000 	C:\Program Files\Android\Android Studio\jre\jre\bin\management.dll
0x00007fff22530000 - 0x00007fff22563000 	C:\WINDOWS\system32\rsaenh.dll
0x00007fff24220000 - 0x00007fff24246000 	C:\WINDOWS\System32\bcrypt.dll
0x00007fff23040000 - 0x00007fff23068000 	C:\WINDOWS\SYSTEM32\USERENV.dll
0x00007fff226d0000 - 0x00007fff2270d000 	C:\WINDOWS\SYSTEM32\IPHLPAPI.DLL
0x00007fff246a0000 - 0x00007fff246a8000 	C:\WINDOWS\System32\NSI.dll
0x00007fff1bdf0000 - 0x00007fff1be06000 	C:\WINDOWS\SYSTEM32\dhcpcsvc6.DLL
0x00007fff1bd50000 - 0x00007fff1bd6c000 	C:\WINDOWS\SYSTEM32\dhcpcsvc.DLL
0x00007fff22710000 - 0x00007fff227d6000 	C:\WINDOWS\SYSTEM32\DNSAPI.dll

VM Arguments:
jvm_args: -Xmx1536m -Dfile.encoding=windows-1252 -Duser.country=US -Duser.language=en -Duser.variant 
java_command: org.gradle.launcher.daemon.bootstrap.GradleDaemon 5.6.4
java_class_path (initial): C:\Users\lacdlave\.gradle\wrapper\dists\gradle-5.6.4-all\ankdp27end7byghfw1q2sw75f\gradle-5.6.4\lib\gradle-launcher-5.6.4.jar
Launcher Type: SUN_STANDARD

Environment Variables:
JAVA_HOME=C:\Program Files\Java\jdk1.8.0_181
PATH=C:\Program Files (x86)\Common Files\Oracle\Java\javapath;C:\Program Files (x86)\Python38-32\Scripts\;C:\Program Files (x86)\Python38-32\;C:\Program Files (x86)\Intel\iCLS Client\;C:\Program Files\Intel\iCLS Client\;C:\ProgramData\Oracle\Java\javapath;C:\windows\system32;C:\windows;C:\windows\System32\Wbem;C:\windows\System32\WindowsPowerShell\v1.0\;C:\Program Files (x86)\Intel\Intel(R) Management Engine Components\DAL;C:\Program Files\Intel\Intel(R) Management Engine Components\DAL;C:\Program Files (x86)\Intel\Intel(R) Management Engine Components\IPT;C:\Program Files\Intel\Intel(R) Management Engine Components\IPT;C:\Program Files (x86)\Windows Kits\8.1\Windows Performance Toolkit\;C:\adb;C:\Program Files (x86)\Intel\Platform Flash Tool;C:\Program Files\Java\jdk1.8.0_181\bin;C:\WINDOWS\system32;C:\WINDOWS;C:\WINDOWS\System32\Wbem;C:\WINDOWS\System32\WindowsPowerShell\v1.0\;C:\WINDOWS\System32\OpenSSH\;C:\Program Files (x86)\Gpg4win\..\GnuPG\bin;C:\Program Files\TortoiseGit\bin;C:\Program Files\Git\cmd;C:\Users\lacdlave\AppData\Local\Microsoft\WindowsApps;
USERNAME=lacdlave
OS=Windows_NT
PROCESSOR_IDENTIFIER=Intel64 Family 6 Model 94 Stepping 3, GenuineIntel



---------------  S Y S T E M  ---------------

OS: Windows 10.0 , 64 bit Build 17763 (10.0.17763.475)

CPU:total 8 (initial active 8) (4 cores per cpu, 2 threads per core) family 6 model 94 stepping 3, cmov, cx8, fxsr, mmx, sse, sse2, sse3, ssse3, sse4.1, sse4.2, popcnt, avx, avx2, aes, clmul, erms, rtm, 3dnowpref, lzcnt, ht, tsc, tscinvbit, bmi1, bmi2, adx

Memory: 4k page, physical 16654940k(3073340k free), swap 20835736k(5632k free)

vm_info: OpenJDK 64-Bit Server VM (25.212-b04) for windows-amd64 JRE (1.8.0_212-release-1586-b04), built by "builder" with MS VC++ 10.0 (VS2010)

time: Fri Mar 06 10:04:58 2020
timezone: Romance Standard Time
elapsed time: 10 seconds (0d 0h 0m 10s)

