#
# There is insufficient memory for the Java Runtime Environment to continue.
# Native memory allocation (malloc) failed to allocate 1379616 bytes for Chunk::new
# Possible reasons:
#   The system is out of physical RAM or swap space
#   The process is running with CompressedOops enabled, and the Java Heap may be blocking the growth of the native heap
# Possible solutions:
#   Reduce memory load on the system
#   Increase physical memory or swap space
#   Check if swap backing store is full
#   Decrease Java heap size (-Xmx/-Xms)
#   Decrease number of Java threads
#   Decrease Java thread stack sizes (-Xss)
#   Set larger code cache with -XX:ReservedCodeCacheSize=
#   JVM is running with Unscaled Compressed Oops mode in which the Java heap is
#     placed in the first 4GB address space. The Java Heap base address is the
#     maximum limit for the native heap growth. Please use -XX:HeapBaseMinAddress
#     to set the Java Heap base and to place the Java Heap above 4GB virtual address.
# This output file may be truncated or incomplete.
#
#  Out of Memory Error (allocation.cpp:389), pid=23088, tid=0x000000000000071c
#
# JRE version: OpenJDK Runtime Environment (8.0_212-b04) (build 1.8.0_212-release-1586-b04)
# Java VM: OpenJDK 64-Bit Server VM (25.212-b04 mixed mode windows-amd64 compressed oops)
# Failed to write core dump. Minidumps are not enabled by default on client versions of Windows
#

---------------  T H R E A D  ---------------

Current thread (0x0000000016b0b000):  JavaThread "C2 CompilerThread1" daemon [_thread_in_native, id=1820, stack(0x00000000192d0000,0x00000000193d0000)]

Stack: [0x00000000192d0000,0x00000000193d0000]
[error occurred during error reporting (printing stack bounds), id 0xc0000005]

Native frames: (J=compiled Java code, j=interpreted, Vv=VM code, C=native code)


Current CompileTask:
C2:   9161 2498       4       groovy.lang.MetaClassImpl$1MOPIter::methodNameAction (325 bytes)


---------------  P R O C E S S  ---------------

Java Threads: ( => current thread )
  0x000000001d9e0000 JavaThread "Build operations Thread 8" [_thread_blocked, id=21584, stack(0x00000000246f0000,0x00000000247f0000)]
  0x000000001d9dd000 JavaThread "Build operations Thread 7" [_thread_blocked, id=17992, stack(0x00000000235a0000,0x00000000236a0000)]
  0x000000001d9dc000 JavaThread "Build operations Thread 6" [_thread_blocked, id=7280, stack(0x00000000234a0000,0x00000000235a0000)]
  0x000000001d9da800 JavaThread "Build operations Thread 5" [_thread_blocked, id=24988, stack(0x00000000230e0000,0x00000000231e0000)]
  0x000000001d9da000 JavaThread "Build operations Thread 4" [_thread_blocked, id=19420, stack(0x0000000022fe0000,0x00000000230e0000)]
  0x000000001d9e0800 JavaThread "Build operations Thread 3" [_thread_blocked, id=22372, stack(0x0000000022ee0000,0x0000000022fe0000)]
  0x000000001d9d9000 JavaThread "Build operations Thread 2" [_thread_blocked, id=11796, stack(0x0000000022de0000,0x0000000022ee0000)]
  0x000000001d9df000 JavaThread "Build operations" [_thread_blocked, id=704, stack(0x0000000022ce0000,0x0000000022de0000)]
  0x000000001d9d8800 JavaThread "Cache worker for execution history cache (C:\Users\lacdlave\.gradle\caches\5.6.4\executionHistory)" [_thread_blocked, id=5360, stack(0x0000000021c10000,0x0000000021d10000)]
  0x000000001d9db800 JavaThread "Cache worker for cache directory md-rule (C:\Users\lacdlave\.gradle\caches\5.6.4\md-rule)" [_thread_blocked, id=18656, stack(0x0000000021b10000,0x0000000021c10000)]
  0x0000000019e88000 JavaThread "Cache worker for cache directory md-supplier (C:\Users\lacdlave\.gradle\caches\5.6.4\md-supplier)" [_thread_blocked, id=14532, stack(0x000000001ff50000,0x0000000020050000)]
  0x0000000019e89800 JavaThread "Cache worker for file hash cache (C:\Users\lacdlave\Documents\AndoidProject\oona-test-app1\.gradle\5.6.4\fileHashes)" [_thread_blocked, id=4392, stack(0x000000001fe50000,0x000000001ff50000)]
  0x0000000019e84800 JavaThread "Cache worker for journal cache (C:\Users\lacdlave\.gradle\caches\journal-1)" [_thread_blocked, id=25544, stack(0x000000001d5f0000,0x000000001d6f0000)]
  0x0000000019e8a800 JavaThread "File lock request listener" [_thread_in_native, id=13784, stack(0x000000001d4f0000,0x000000001d5f0000)]
  0x0000000019e85000 JavaThread "Cache worker for file hash cache (C:\Users\lacdlave\.gradle\caches\5.6.4\fileHashes)" [_thread_blocked, id=14096, stack(0x000000001d3f0000,0x000000001d4f0000)]
  0x000000001a9ff000 JavaThread "Thread-9" [_thread_blocked, id=10832, stack(0x000000001d2f0000,0x000000001d3f0000)]
  0x000000001a43e000 JavaThread "Stdin handler" [_thread_blocked, id=20776, stack(0x000000001d1f0000,0x000000001d2f0000)]
  0x000000001aa0c800 JavaThread "Asynchronous log dispatcher for DefaultDaemonConnection: socket connection from /127.0.0.1:63465 to /127.0.0.1:63466" [_thread_blocked, id=20356, stack(0x000000001cff0000,0x000000001d0f0000)]
  0x000000001aa0a800 JavaThread "Daemon worker" [_thread_in_native, id=23768, stack(0x000000001cef0000,0x000000001cff0000)]
  0x0000000018bf7000 JavaThread "Cancel handler" [_thread_blocked, id=17764, stack(0x000000001cdf0000,0x000000001cef0000)]
  0x000000001891c800 JavaThread "Handler for socket connection from /127.0.0.1:63465 to /127.0.0.1:63466" [_thread_in_native, id=14308, stack(0x000000001caf0000,0x000000001cbf0000)]
  0x000000001891b800 JavaThread "Daemon" [_thread_blocked, id=25236, stack(0x000000001c9f0000,0x000000001caf0000)]
  0x000000001b2a1000 JavaThread "Daemon periodic checks" [_thread_blocked, id=4868, stack(0x000000001c8f0000,0x000000001c9f0000)]
  0x000000001b29f000 JavaThread "Incoming local TCP Connector on port 63465" [_thread_in_native, id=9456, stack(0x000000001c6b0000,0x000000001c7b0000)]
  0x000000001b166800 JavaThread "Daemon health stats" [_thread_blocked, id=19148, stack(0x000000001bf70000,0x000000001c070000)]
  0x000000001899e800 JavaThread "Service Thread" daemon [_thread_blocked, id=25496, stack(0x00000000195d0000,0x00000000196d0000)]
  0x000000001890d000 JavaThread "C1 CompilerThread3" daemon [_thread_in_vm, id=6472, stack(0x00000000194d0000,0x00000000195d0000)]
  0x0000000018909000 JavaThread "C2 CompilerThread2" daemon [_thread_in_native, id=23316, stack(0x00000000193d0000,0x00000000194d0000)]
=>0x0000000016b0b000 JavaThread "C2 CompilerThread1" daemon [_thread_in_native, id=1820, stack(0x00000000192d0000,0x00000000193d0000)]
  0x0000000018901800 JavaThread "C2 CompilerThread0" daemon [_thread_in_native, id=22436, stack(0x00000000191d0000,0x00000000192d0000)]
  0x00000000188fa000 JavaThread "Attach Listener" daemon [_thread_blocked, id=19000, stack(0x00000000190d0000,0x00000000191d0000)]
  0x00000000188f9000 JavaThread "Signal Dispatcher" daemon [_thread_blocked, id=23244, stack(0x0000000018fd0000,0x00000000190d0000)]
  0x0000000002d3e000 JavaThread "Finalizer" daemon [_thread_blocked, id=8852, stack(0x0000000018dd0000,0x0000000018ed0000)]
  0x0000000016afc800 JavaThread "Reference Handler" daemon [_thread_blocked, id=22784, stack(0x0000000018cd0000,0x0000000018dd0000)]
  0x0000000002c42800 JavaThread "main" [_thread_blocked, id=12624, stack(0x0000000002b40000,0x0000000002c40000)]

Other Threads:
  0x0000000016af6000 VMThread [stack: 0x00000000187d0000,0x00000000188d0000] [id=18004]
  0x000000001899f800 WatcherThread [stack: 0x00000000196d0000,0x00000000197d0000] [id=14736]

VM state:not at safepoint (normal execution)

VM Mutex/Monitor currently owned by a thread: None

heap address: 0x00000000a0000000, size: 1536 MB, Compressed Oops mode: 32-bit
Narrow klass base: 0x0000000000000000, Narrow klass shift: 3
Compressed class space size: 1073741824 Address: 0x0000000100000000

Heap:
 PSYoungGen      total 134656K, used 67622K [0x00000000e0000000, 0x00000000e9080000, 0x0000000100000000)
  eden space 123392K, 47% used [0x00000000e0000000,0x00000000e3984150,0x00000000e7880000)
  from space 11264K, 77% used [0x00000000e8580000,0x00000000e8e05700,0x00000000e9080000)
  to   space 12288K, 0% used [0x00000000e7880000,0x00000000e7880000,0x00000000e8480000)
 ParOldGen       total 80384K, used 7459K [0x00000000a0000000, 0x00000000a4e80000, 0x00000000e0000000)
  object space 80384K, 9% used [0x00000000a0000000,0x00000000a0748eb0,0x00000000a4e80000)
 Metaspace       used 34407K, capacity 35220K, committed 35456K, reserved 1079296K
  class space    used 4711K, capacity 4925K, committed 4992K, reserved 1048576K

Card table byte_map: [0x0000000012100000,0x0000000012410000] byte_map_base: 0x0000000011c00000

Marking Bits: (ParMarkBitMap*) 0x0000000061a99f30
 Begin Bits: [0x0000000012e10000, 0x0000000014610000)
 End Bits:   [0x0000000014610000, 0x0000000015e10000)

Polling page: 0x0000000000d10000

CodeCache: size=245760Kb used=10394Kb max_used=10394Kb free=235365Kb
 bounds [0x0000000002d40000, 0x0000000003770000, 0x0000000011d40000]
 total_blobs=3738 nmethods=3039 adapters=611
 compilation: enabled

Compilation events (10 events):
Event: 9.156 Thread 0x000000001890d000 nmethod 3257 0x000000000375e650 code [0x000000000375e7a0, 0x000000000375e930]
Event: 9.156 Thread 0x000000001890d000 3258       3       com.google.common.cache.LocalCache$Segment::expireEntries (113 bytes)
Event: 9.157 Thread 0x000000001890d000 nmethod 3258 0x000000000375e990 code [0x000000000375ec00, 0x000000000375f8c8]
Event: 9.157 Thread 0x000000001890d000 3259   !   3       com.google.common.cache.LocalCache$Segment::runLockedCleanup (39 bytes)
Event: 9.158 Thread 0x000000001890d000 nmethod 3259 0x000000000375fe90 code [0x00000000037600a0, 0x0000000003760b78]
Event: 9.158 Thread 0x000000001890d000 3260   !   3       com.google.common.cache.LocalCache::processPendingNotifications (47 bytes)
Event: 9.158 Thread 0x000000001890d000 nmethod 3260 0x0000000003761050 code [0x0000000003761260, 0x0000000003761d08]
Event: 9.158 Thread 0x000000001890d000 3267       3       java.io.DataInputStream::<init> (30 bytes)
Event: 9.158 Thread 0x000000001890d000 nmethod 3267 0x0000000003762190 code [0x0000000003762300, 0x0000000003762750]
Event: 9.158 Thread 0x000000001890d000 3261   !   3       org.gradle.cache.internal.btree.FileBackedBlockStore::read (72 bytes)

GC Heap History (10 events):
Event: 7.407 GC heap before
{Heap before GC invocations=3 (full 0):
 PSYoungGen      total 76288K, used 75142K [0x00000000e0000000, 0x00000000e5500000, 0x0000000100000000)
  eden space 65536K, 100% used [0x00000000e0000000,0x00000000e4000000,0x00000000e4000000)
  from space 10752K, 89% used [0x00000000e4a80000,0x00000000e53e18c8,0x00000000e5500000)
  to   space 10752K, 0% used [0x00000000e4000000,0x00000000e4000000,0x00000000e4a80000)
 ParOldGen       total 175104K, used 24K [0x00000000a0000000, 0x00000000aab00000, 0x00000000e0000000)
  object space 175104K, 0% used [0x00000000a0000000,0x00000000a0006000,0x00000000aab00000)
 Metaspace       used 20204K, capacity 20690K, committed 21120K, reserved 1067008K
  class space    used 2917K, capacity 3097K, committed 3200K, reserved 1048576K
Event: 7.414 GC heap after
Heap after GC invocations=3 (full 0):
 PSYoungGen      total 76288K, used 10743K [0x00000000e0000000, 0x00000000e5500000, 0x0000000100000000)
  eden space 65536K, 0% used [0x00000000e0000000,0x00000000e0000000,0x00000000e4000000)
  from space 10752K, 99% used [0x00000000e4000000,0x00000000e4a7dd58,0x00000000e4a80000)
  to   space 10752K, 0% used [0x00000000e4a80000,0x00000000e4a80000,0x00000000e5500000)
 ParOldGen       total 175104K, used 1358K [0x00000000a0000000, 0x00000000aab00000, 0x00000000e0000000)
  object space 175104K, 0% used [0x00000000a0000000,0x00000000a0153b38,0x00000000aab00000)
 Metaspace       used 20204K, capacity 20690K, committed 21120K, reserved 1067008K
  class space    used 2917K, capacity 3097K, committed 3200K, reserved 1048576K
}
Event: 7.440 GC heap before
{Heap before GC invocations=4 (full 0):
 PSYoungGen      total 76288K, used 13286K [0x00000000e0000000, 0x00000000e5500000, 0x0000000100000000)
  eden space 65536K, 3% used [0x00000000e0000000,0x00000000e027bdc0,0x00000000e4000000)
  from space 10752K, 99% used [0x00000000e4000000,0x00000000e4a7dd58,0x00000000e4a80000)
  to   space 10752K, 0% used [0x00000000e4a80000,0x00000000e4a80000,0x00000000e5500000)
 ParOldGen       total 175104K, used 1358K [0x00000000a0000000, 0x00000000aab00000, 0x00000000e0000000)
  object space 175104K, 0% used [0x00000000a0000000,0x00000000a0153b38,0x00000000aab00000)
 Metaspace       used 20590K, capacity 21106K, committed 21296K, reserved 1067008K
  class space    used 2970K, capacity 3129K, committed 3200K, reserved 1048576K
Event: 7.445 GC heap after
Heap after GC invocations=4 (full 0):
 PSYoungGen      total 76288K, used 7643K [0x00000000e0000000, 0x00000000e5500000, 0x0000000100000000)
  eden space 65536K, 0% used [0x00000000e0000000,0x00000000e0000000,0x00000000e4000000)
  from space 10752K, 71% used [0x00000000e4a80000,0x00000000e51f6f88,0x00000000e5500000)
  to   space 10752K, 0% used [0x00000000e4000000,0x00000000e4000000,0x00000000e4a80000)
 ParOldGen       total 175104K, used 1366K [0x00000000a0000000, 0x00000000aab00000, 0x00000000e0000000)
  object space 175104K, 0% used [0x00000000a0000000,0x00000000a0155b38,0x00000000aab00000)
 Metaspace       used 20590K, capacity 21106K, committed 21296K, reserved 1067008K
  class space    used 2970K, capacity 3129K, committed 3200K, reserved 1048576K
}
Event: 7.445 GC heap before
{Heap before GC invocations=5 (full 1):
 PSYoungGen      total 76288K, used 7643K [0x00000000e0000000, 0x00000000e5500000, 0x0000000100000000)
  eden space 65536K, 0% used [0x00000000e0000000,0x00000000e0000000,0x00000000e4000000)
  from space 10752K, 71% used [0x00000000e4a80000,0x00000000e51f6f88,0x00000000e5500000)
  to   space 10752K, 0% used [0x00000000e4000000,0x00000000e4000000,0x00000000e4a80000)
 ParOldGen       total 175104K, used 1366K [0x00000000a0000000, 0x00000000aab00000, 0x00000000e0000000)
  object space 175104K, 0% used [0x00000000a0000000,0x00000000a0155b38,0x00000000aab00000)
 Metaspace       used 20590K, capacity 21106K, committed 21296K, reserved 1067008K
  class space    used 2970K, capacity 3129K, committed 3200K, reserved 1048576K
Event: 7.473 GC heap after
Heap after GC invocations=5 (full 1):
 PSYoungGen      total 76288K, used 0K [0x00000000e0000000, 0x00000000e5500000, 0x0000000100000000)
  eden space 65536K, 0% used [0x00000000e0000000,0x00000000e0000000,0x00000000e4000000)
  from space 10752K, 0% used [0x00000000e4a80000,0x00000000e4a80000,0x00000000e5500000)
  to   space 10752K, 0% used [0x00000000e4000000,0x00000000e4000000,0x00000000e4a80000)
 ParOldGen       total 80384K, used 7443K [0x00000000a0000000, 0x00000000a4e80000, 0x00000000e0000000)
  object space 80384K, 9% used [0x00000000a0000000,0x00000000a0744eb0,0x00000000a4e80000)
 Metaspace       used 20590K, capacity 21106K, committed 21296K, reserved 1067008K
  class space    used 2970K, capacity 3129K, committed 3200K, reserved 1048576K
}
Event: 8.126 GC heap before
{Heap before GC invocations=6 (full 1):
 PSYoungGen      total 76288K, used 65536K [0x00000000e0000000, 0x00000000e5500000, 0x0000000100000000)
  eden space 65536K, 100% used [0x00000000e0000000,0x00000000e4000000,0x00000000e4000000)
  from space 10752K, 0% used [0x00000000e4a80000,0x00000000e4a80000,0x00000000e5500000)
  to   space 10752K, 0% used [0x00000000e4000000,0x00000000e4000000,0x00000000e4a80000)
 ParOldGen       total 80384K, used 7443K [0x00000000a0000000, 0x00000000a4e80000, 0x00000000e0000000)
  object space 80384K, 9% used [0x00000000a0000000,0x00000000a0744eb0,0x00000000a4e80000)
 Metaspace       used 29008K, capacity 29558K, committed 29952K, reserved 1075200K
  class space    used 3903K, capacity 4065K, committed 4096K, reserved 1048576K
Event: 8.130 GC heap after
Heap after GC invocations=6 (full 1):
 PSYoungGen      total 76288K, used 8174K [0x00000000e0000000, 0x00000000e9200000, 0x0000000100000000)
  eden space 65536K, 0% used [0x00000000e0000000,0x00000000e0000000,0x00000000e4000000)
  from space 10752K, 76% used [0x00000000e4000000,0x00000000e47fb920,0x00000000e4a80000)
  to   space 12800K, 0% used [0x00000000e8580000,0x00000000e8580000,0x00000000e9200000)
 ParOldGen       total 80384K, used 7451K [0x00000000a0000000, 0x00000000a4e80000, 0x00000000e0000000)
  object space 80384K, 9% used [0x00000000a0000000,0x00000000a0746eb0,0x00000000a4e80000)
 Metaspace       used 29008K, capacity 29558K, committed 29952K, reserved 1075200K
  class space    used 3903K, capacity 4065K, committed 4096K, reserved 1048576K
}
Event: 8.555 GC heap before
{Heap before GC invocations=7 (full 1):
 PSYoungGen      total 76288K, used 73710K [0x00000000e0000000, 0x00000000e9200000, 0x0000000100000000)
  eden space 65536K, 100% used [0x00000000e0000000,0x00000000e4000000,0x00000000e4000000)
  from space 10752K, 76% used [0x00000000e4000000,0x00000000e47fb920,0x00000000e4a80000)
  to   space 12800K, 0% used [0x00000000e8580000,0x00000000e8580000,0x00000000e9200000)
 ParOldGen       total 80384K, used 7451K [0x00000000a0000000, 0x00000000a4e80000, 0x00000000e0000000)
  object space 80384K, 9% used [0x00000000a0000000,0x00000000a0746eb0,0x00000000a4e80000)
 Metaspace       used 31838K, capacity 32436K, committed 32768K, reserved 1077248K
  class space    used 4356K, capacity 4555K, committed 4608K, reserved 1048576K
Event: 8.564 GC heap after
Heap after GC invocations=7 (full 1):
 PSYoungGen      total 134656K, used 8725K [0x00000000e0000000, 0x00000000e9080000, 0x0000000100000000)
  eden space 123392K, 0% used [0x00000000e0000000,0x00000000e0000000,0x00000000e7880000)
  from space 11264K, 77% used [0x00000000e8580000,0x00000000e8e05700,0x00000000e9080000)
  to   space 12288K, 0% used [0x00000000e7880000,0x00000000e7880000,0x00000000e8480000)
 ParOldGen       total 80384K, used 7459K [0x00000000a0000000, 0x00000000a4e80000, 0x00000000e0000000)
  object space 80384K, 9% used [0x00000000a0000000,0x00000000a0748eb0,0x00000000a4e80000)
 Metaspace       used 31838K, capacity 32436K, committed 32768K, reserved 1077248K
  class space    used 4356K, capacity 4555K, committed 4608K, reserved 1048576K
}

Deoptimization events (10 events):
Event: 8.131 Thread 0x0000000016afc800 Uncommon trap: reason=unstable_if action=reinterpret pc=0x000000000321b9fc method=java.lang.ref.Reference.tryHandlePending(Z)Z @ 104
Event: 8.224 Thread 0x000000001aa0a800 Uncommon trap: reason=unstable_if action=reinterpret pc=0x0000000002fda00c method=java.io.WinNTFileSystem.resolve(Ljava/lang/String;Ljava/lang/String;)Ljava/lang/String; @ 49
Event: 8.277 Thread 0x000000001aa0a800 Uncommon trap: reason=bimorphic action=maybe_recompile pc=0x0000000002e4e43c method=java.util.WeakHashMap.eq(Ljava/lang/Object;Ljava/lang/Object;)Z @ 7
Event: 8.410 Thread 0x000000001aa0a800 Uncommon trap: reason=class_check action=maybe_recompile pc=0x00000000035a6b28 method=sun.reflect.generics.reflectiveObjects.TypeVariableImpl.getGenericDeclaration()Ljava/lang/reflect/GenericDeclaration; @ 4
Event: 8.410 Thread 0x000000001aa0a800 Uncommon trap: reason=class_check action=maybe_recompile pc=0x00000000035a6b28 method=sun.reflect.generics.reflectiveObjects.TypeVariableImpl.getGenericDeclaration()Ljava/lang/reflect/GenericDeclaration; @ 4
Event: 8.566 Thread 0x000000001aa0a800 Uncommon trap: reason=unstable_if action=reinterpret pc=0x0000000003028560 method=java.net.URI.match(CJJ)Z @ 45
Event: 9.095 Thread 0x000000001d9dd000 Uncommon trap: reason=unstable_if action=reinterpret pc=0x0000000003271d54 method=java.util.concurrent.ConcurrentHashMap.addCount(JI)V @ 34
Event: 9.099 Thread 0x000000001d9da000 Uncommon trap: reason=unstable_if action=reinterpret pc=0x00000000036eeeac method=java.util.concurrent.ConcurrentHashMap.get(Ljava/lang/Object;)Ljava/lang/Object; @ 86
Event: 9.107 Thread 0x000000001d9df000 Uncommon trap: reason=unstable_if action=reinterpret pc=0x00000000031d75f8 method=java.util.concurrent.ConcurrentHashMap.addCount(JI)V @ 7
Event: 9.107 Thread 0x000000001d9e0800 Uncommon trap: reason=unstable_if action=reinterpret pc=0x00000000031d75f8 method=java.util.concurrent.ConcurrentHashMap.addCount(JI)V @ 7

Classes redefined (0 events):
No events

Internal exceptions (10 events):
Event: 8.540 Thread 0x000000001aa0a800 Exception <a 'java/lang/ClassNotFoundException': groovy/lang/GString$1BeanInfo> (0x00000000e3e292e8) thrown at [D:\src\AOSP-openjdk-cygwin\jdk8u\hotspot\src\share\vm\classfile\systemDictionary.cpp, line 210]
Event: 8.540 Thread 0x000000001aa0a800 Exception <a 'java/lang/ClassNotFoundException': groovy/lang/GStringBeanInfo> (0x00000000e3e4a258) thrown at [D:\src\AOSP-openjdk-cygwin\jdk8u\hotspot\src\share\vm\classfile\systemDictionary.cpp, line 210]
Event: 8.541 Thread 0x000000001aa0a800 Exception <a 'java/lang/ClassNotFoundException': groovy/lang/GStringCustomizer> (0x00000000e3e6bd40) thrown at [D:\src\AOSP-openjdk-cygwin\jdk8u\hotspot\src\share\vm\classfile\systemDictionary.cpp, line 210]
Event: 8.544 Thread 0x000000001aa0a800 Exception <a 'java/lang/ClassNotFoundException': groovy/lang/GString$1Customizer> (0x00000000e3e99bf0) thrown at [D:\src\AOSP-openjdk-cygwin\jdk8u\hotspot\src\share\vm\classfile\systemDictionary.cpp, line 210]
Event: 8.549 Thread 0x000000001aa0a800 Exception <a 'java/lang/ClassNotFoundException': org/codehaus/groovy/runtime/GStringImplBeanInfo> (0x00000000e3f47b88) thrown at [D:\src\AOSP-openjdk-cygwin\jdk8u\hotspot\src\share\vm\classfile\systemDictionary.cpp, line 210]
Event: 8.550 Thread 0x000000001aa0a800 Exception <a 'java/lang/ClassNotFoundException': org/codehaus/groovy/runtime/GStringImplCustomizer> (0x00000000e3f735b0) thrown at [D:\src\AOSP-openjdk-cygwin\jdk8u\hotspot\src\share\vm\classfile\systemDictionary.cpp, line 210]
Event: 8.675 Thread 0x000000001aa0a800 Exception <a 'java/lang/IncompatibleClassChangeError': Found class java.lang.Object, but interface was expected> (0x00000000e13dc038) thrown at [D:\src\AOSP-openjdk-cygwin\jdk8u\hotspot\src\share\vm\interpreter\linkResolver.cpp, line 653]
Event: 8.676 Thread 0x000000001aa0a800 Exception <a 'java/lang/NoSuchMethodError': java.lang.Object.lambda$comparing$77a9974f$1(Ljava/util/function/Function;Ljava/lang/Object;Ljava/lang/Object;)I> (0x00000000e13e7740) thrown at [D:\src\AOSP-openjdk-cygwin\jdk8u\hotspot\src\share\vm\interpreter
Event: 8.678 Thread 0x000000001aa0a800 Exception <a 'java/lang/NoSuchMethodError': java.lang.Object.lambda$thenComparing$36697e65$1(Ljava/util/Comparator;Ljava/lang/Object;Ljava/lang/Object;)I> (0x00000000e13fb8a8) thrown at [D:\src\AOSP-openjdk-cygwin\jdk8u\hotspot\src\share\vm\interpreter\li
Event: 8.680 Thread 0x000000001aa0a800 Exception <a 'java/lang/NoSuchMethodError': java.lang.Object.lambda$comparing$ea9a8b3a$1(Ljava/util/Comparator;Ljava/util/function/Function;Ljava/lang/Object;Ljava/lang/Object;)I> (0x00000000e1415438) thrown at [D:\src\AOSP-openjdk-cygwin\jdk8u\hotspot\sr

Events (10 events):
Event: 9.135 loading class org/gradle/internal/snapshot/impl/DefaultFileSystemSnapshotter$InternableString
Event: 9.135 loading class org/gradle/internal/snapshot/impl/DefaultFileSystemSnapshotter$InternableString done
Event: 9.135 loading class org/gradle/internal/snapshot/impl/DefaultFileSystemSnapshotter$4
Event: 9.135 loading class org/gradle/internal/snapshot/impl/DefaultFileSystemSnapshotter$4 done
Event: 9.135 loading class org/gradle/internal/snapshot/RegularFileSnapshot
Event: 9.135 loading class org/gradle/internal/snapshot/RegularFileSnapshot done
Event: 9.135 loading class org/gradle/internal/snapshot/AbstractFileSystemLocationSnapshot
Event: 9.135 loading class org/gradle/internal/snapshot/AbstractFileSystemLocationSnapshot done
Event: 9.136 loading class org/gradle/internal/snapshot/FileMetadata
Event: 9.136 loading class org/gradle/internal/snapshot/FileMetadata done


Dynamic libraries:
0x00007ff62cc10000 - 0x00007ff62cc41000 	C:\Program Files\Android\Android Studio\jre\bin\java.exe
0x00007fff27af0000 - 0x00007fff27cdd000 	C:\WINDOWS\SYSTEM32\ntdll.dll
0x00007fff26a90000 - 0x00007fff26b43000 	C:\WINDOWS\System32\KERNEL32.dll
0x00007fff177e0000 - 0x00007fff17907000 	C:\Windows\system32\hmpalert.dll
0x00007fff23cc0000 - 0x00007fff23f53000 	C:\WINDOWS\System32\KERNELBASE.dll
0x00007fff24da0000 - 0x00007fff24e43000 	C:\WINDOWS\System32\ADVAPI32.dll
0x00007fff26b50000 - 0x00007fff26bee000 	C:\WINDOWS\System32\msvcrt.dll
0x00007fff24e80000 - 0x00007fff24f1e000 	C:\WINDOWS\System32\sechost.dll
0x00007fff25250000 - 0x00007fff25372000 	C:\WINDOWS\System32\RPCRT4.dll
0x00007fff27420000 - 0x00007fff275b7000 	C:\WINDOWS\System32\USER32.dll
0x00007fff24350000 - 0x00007fff24370000 	C:\WINDOWS\System32\win32u.dll
0x00007fff26ca0000 - 0x00007fff26cc9000 	C:\WINDOWS\System32\GDI32.dll
0x00007fff23f60000 - 0x00007fff240f9000 	C:\WINDOWS\System32\gdi32full.dll
0x00007fff24120000 - 0x00007fff241c0000 	C:\WINDOWS\System32\msvcp_win.dll
0x00007fff23bc0000 - 0x00007fff23cba000 	C:\WINDOWS\System32\ucrtbase.dll
0x00007fff0b7f0000 - 0x00007fff0ba69000 	C:\WINDOWS\WinSxS\amd64_microsoft.windows.common-controls_6595b64144ccf1df_6.0.17763.1039_none_de701650534c7021\COMCTL32.dll
0x00007fff24370000 - 0x00007fff2469c000 	C:\WINDOWS\System32\combase.dll
0x00007fff23960000 - 0x00007fff239de000 	C:\WINDOWS\System32\bcryptPrimitives.dll
0x00007fff278a0000 - 0x00007fff278ce000 	C:\WINDOWS\System32\IMM32.DLL
0x00007fff21de0000 - 0x00007fff21e1d000 	C:\WINDOWS\system32\SophosAV\SOPHOS~1.DLL
0x00007fff24e70000 - 0x00007fff24e78000 	C:\WINDOWS\System32\PSAPI.DLL
0x000000006c090000 - 0x000000006c162000 	C:\Program Files\Android\Android Studio\jre\jre\bin\msvcr100.dll
0x00000000612d0000 - 0x0000000061b16000 	C:\Program Files\Android\Android Studio\jre\jre\bin\server\jvm.dll
0x00007fff1b4e0000 - 0x00007fff1b4ea000 	C:\WINDOWS\SYSTEM32\VERSION.dll
0x00007fff17aa0000 - 0x00007fff17ac4000 	C:\WINDOWS\SYSTEM32\WINMM.dll
0x00007fff21c70000 - 0x00007fff21c79000 	C:\WINDOWS\SYSTEM32\WSOCK32.dll
0x00007fff24c60000 - 0x00007fff24ccd000 	C:\WINDOWS\System32\WS2_32.dll
0x00007fff166e0000 - 0x00007fff1670d000 	C:\WINDOWS\SYSTEM32\WINMMBASE.dll
0x00007fff24250000 - 0x00007fff2429a000 	C:\WINDOWS\System32\cfgmgr32.dll
0x00007fff1b240000 - 0x00007fff1b24f000 	C:\Program Files\Android\Android Studio\jre\jre\bin\verify.dll
0x00007fff1ad70000 - 0x00007fff1ad99000 	C:\Program Files\Android\Android Studio\jre\jre\bin\java.dll
0x00007fff1ad50000 - 0x00007fff1ad66000 	C:\Program Files\Android\Android Studio\jre\jre\bin\zip.dll
0x00007fff25380000 - 0x00007fff26874000 	C:\WINDOWS\System32\SHELL32.dll
0x00007fff26880000 - 0x00007fff26928000 	C:\WINDOWS\System32\shcore.dll
0x00007fff23210000 - 0x00007fff2395d000 	C:\WINDOWS\System32\windows.storage.dll
0x00007fff23180000 - 0x00007fff231a4000 	C:\WINDOWS\System32\profapi.dll
0x00007fff231b0000 - 0x00007fff2320d000 	C:\WINDOWS\System32\powrprof.dll
0x00007fff278d0000 - 0x00007fff27922000 	C:\WINDOWS\System32\shlwapi.dll
0x00007fff23160000 - 0x00007fff23171000 	C:\WINDOWS\System32\kernel.appcore.dll
0x00007fff24100000 - 0x00007fff24117000 	C:\WINDOWS\System32\cryptsp.dll
0x00007fff1ace0000 - 0x00007fff1acfa000 	C:\Program Files\Android\Android Studio\jre\jre\bin\net.dll
0x00007fff27240000 - 0x00007fff27418000 	C:\WINDOWS\System32\urlmon.dll
0x00007fff24fa0000 - 0x00007fff25248000 	C:\WINDOWS\System32\iertutil.dll
0x00007fff22b80000 - 0x00007fff22b8c000 	C:\WINDOWS\SYSTEM32\CRYPTBASE.DLL
0x00007fff229b0000 - 0x00007fff22a17000 	C:\WINDOWS\system32\mswsock.dll
0x00007fff1ac60000 - 0x00007fff1ac73000 	C:\Program Files\Android\Android Studio\jre\jre\bin\nio.dll
0x00007fff12ce0000 - 0x00007fff12d06000 	C:\Users\lacdlave\.gradle\native\30\windows-amd64\native-platform.dll
0x00007fff1b0b0000 - 0x00007fff1b0bd000 	C:\Program Files\Android\Android Studio\jre\jre\bin\management.dll
0x00007fff22530000 - 0x00007fff22563000 	C:\WINDOWS\system32\rsaenh.dll
0x00007fff24220000 - 0x00007fff24246000 	C:\WINDOWS\System32\bcrypt.dll
0x00007fff23040000 - 0x00007fff23068000 	C:\WINDOWS\SYSTEM32\USERENV.dll
0x00007fff226d0000 - 0x00007fff2270d000 	C:\WINDOWS\SYSTEM32\IPHLPAPI.DLL
0x00007fff246a0000 - 0x00007fff246a8000 	C:\WINDOWS\System32\NSI.dll
0x00007fff1bdf0000 - 0x00007fff1be06000 	C:\WINDOWS\SYSTEM32\dhcpcsvc6.DLL
0x00007fff1bd50000 - 0x00007fff1bd6c000 	C:\WINDOWS\SYSTEM32\dhcpcsvc.DLL
0x00007fff22710000 - 0x00007fff227d6000 	C:\WINDOWS\SYSTEM32\DNSAPI.dll

VM Arguments:
jvm_args: -Xmx1536m -Dfile.encoding=windows-1252 -Duser.country=US -Duser.language=en -Duser.variant 
java_command: org.gradle.launcher.daemon.bootstrap.GradleDaemon 5.6.4
java_class_path (initial): C:\Users\lacdlave\.gradle\wrapper\dists\gradle-5.6.4-all\ankdp27end7byghfw1q2sw75f\gradle-5.6.4\lib\gradle-launcher-5.6.4.jar
Launcher Type: SUN_STANDARD

Environment Variables:
JAVA_HOME=C:\Program Files\Java\jdk1.8.0_181
PATH=C:\Program Files (x86)\Common Files\Oracle\Java\javapath;C:\Program Files (x86)\Python38-32\Scripts\;C:\Program Files (x86)\Python38-32\;C:\Program Files (x86)\Intel\iCLS Client\;C:\Program Files\Intel\iCLS Client\;C:\ProgramData\Oracle\Java\javapath;C:\windows\system32;C:\windows;C:\windows\System32\Wbem;C:\windows\System32\WindowsPowerShell\v1.0\;C:\Program Files (x86)\Intel\Intel(R) Management Engine Components\DAL;C:\Program Files\Intel\Intel(R) Management Engine Components\DAL;C:\Program Files (x86)\Intel\Intel(R) Management Engine Components\IPT;C:\Program Files\Intel\Intel(R) Management Engine Components\IPT;C:\Program Files (x86)\Windows Kits\8.1\Windows Performance Toolkit\;C:\adb;C:\Program Files (x86)\Intel\Platform Flash Tool;C:\Program Files\Java\jdk1.8.0_181\bin;C:\WINDOWS\system32;C:\WINDOWS;C:\WINDOWS\System32\Wbem;C:\WINDOWS\System32\WindowsPowerShell\v1.0\;C:\WINDOWS\System32\OpenSSH\;C:\Program Files (x86)\Gpg4win\..\GnuPG\bin;C:\Program Files\TortoiseGit\bin;C:\Program Files\Git\cmd;C:\Users\lacdlave\AppData\Local\Microsoft\WindowsApps;
USERNAME=lacdlave
OS=Windows_NT
PROCESSOR_IDENTIFIER=Intel64 Family 6 Model 94 Stepping 3, GenuineIntel



---------------  S Y S T E M  ---------------

OS: Windows 10.0 , 64 bit Build 17763 (10.0.17763.475)

CPU:total 8 (initial active 8) (4 cores per cpu, 2 threads per core) family 6 model 94 stepping 3, cmov, cx8, fxsr, mmx, sse, sse2, sse3, ssse3, sse4.1, sse4.2, popcnt, avx, avx2, aes, clmul, erms, rtm, 3dnowpref, lzcnt, ht, tsc, tscinvbit, bmi1, bmi2, adx

Memory: 4k page, physical 16654940k(3844988k free), swap 20835736k(6344k free)

vm_info: OpenJDK 64-Bit Server VM (25.212-b04) for windows-amd64 JRE (1.8.0_212-release-1586-b04), built by "builder" with MS VC++ 10.0 (VS2010)

time: Fri Mar 06 10:00:48 2020
timezone: Romance Standard Time
elapsed time: 9 seconds (0d 0h 0m 9s)

